Using pre-set license
Built from '2020.3/staging' branch; Version is '2020.3.29f1 (2ff179115da0) revision 3142009'; Using compiler version '192528614'; Build Type 'Release'
OS: 'Windows 10  (10.0.19042) 64bit Core' Language: 'en' Physical Memory: 16269 MB
BatchMode: 1, IsHumanControllingUs: 0, StartBugReporterOnCrash: 0, Is64bit: 1, IsPro: 0

COMMAND LINE ARGUMENTS:
D:\Unity\2020.3.29f1\Editor\Unity.exe
-adb2
-batchMode
-noUpm
-name
AssetImportWorker0
-projectPath
D:/Unity/Projects/Tour-de-Holland/Tour de Holland
-logFile
Logs/AssetImportWorker0.log
-srvPort
55861
Successfully changed project path to: D:/Unity/Projects/Tour-de-Holland/Tour de Holland
D:/Unity/Projects/Tour-de-Holland/Tour de Holland
Using Asset Import Pipeline V2.
Refreshing native plugins compatible for Editor in 105.75 ms, found 2 plugins.
Preloading 0 native plugins for Editor in 0.00 ms.
Initialize engine version: 2020.3.29f1 (2ff179115da0)
[Subsystems] Discovering subsystems at path D:/Unity/2020.3.29f1/Editor/Data/Resources/UnitySubsystems
[Subsystems] Discovering subsystems at path D:/Unity/Projects/Tour-de-Holland/Tour de Holland/Assets
GfxDevice: creating device client; threaded=0
Direct3D:
    Version:  Direct3D 11.0 [level 11.1]
    Renderer: NVIDIA GeForce GTX 1060 (ID=0x1c20)
    Vendor:   
    VRAM:     2987 MB
    Driver:   30.0.15.1123
Initialize mono
Mono path[0] = 'D:/Unity/2020.3.29f1/Editor/Data/Managed'
Mono path[1] = 'D:/Unity/2020.3.29f1/Editor/Data/MonoBleedingEdge/lib/mono/unityjit'
Mono config path = 'D:/Unity/2020.3.29f1/Editor/Data/MonoBleedingEdge/etc'
Using monoOptions --debugger-agent=transport=dt_socket,embedding=1,server=y,suspend=n,address=127.0.0.1:56532
Begin MonoManager ReloadAssembly
Registering precompiled unity dll's ...
Register platform support module: D:/Unity/2020.3.29f1/Editor/Data/PlaybackEngines/WebGLSupport/UnityEditor.WebGL.Extensions.dll
Register platform support module: D:/Unity/2020.3.29f1/Editor/Data/PlaybackEngines/WindowsStandaloneSupport/UnityEditor.WindowsStandalone.Extensions.dll
Registered in 0.002676 seconds.
Native extension for WindowsStandalone target not found
Native extension for WebGL target not found
Refreshing native plugins compatible for Editor in 105.68 ms, found 2 plugins.
Preloading 0 native plugins for Editor in 0.00 ms.
Mono: successfully reloaded assembly
- Completed reload, in  1.082 seconds
Domain Reload Profiling:
	ReloadAssembly (1082ms)
		BeginReloadAssembly (150ms)
			ExecutionOrderSort (0ms)
			DisableScriptedObjects (0ms)
			BackupInstance (0ms)
			ReleaseScriptingObjects (0ms)
			CreateAndSetChildDomain (1ms)
		EndReloadAssembly (830ms)
			LoadAssemblies (151ms)
			RebuildTransferFunctionScriptingTraits (0ms)
			SetupTypeCache (258ms)
			ReleaseScriptCaches (0ms)
			RebuildScriptCaches (50ms)
			SetupLoadedEditorAssemblies (333ms)
				LogAssemblyErrors (0ms)
				InitializePlatformSupportModulesInManaged (8ms)
				SetLoadedEditorAssemblies (0ms)
				RefreshPlugins (106ms)
				BeforeProcessingInitializeOnLoad (28ms)
				ProcessInitializeOnLoadAttributes (114ms)
				ProcessInitializeOnLoadMethodAttributes (76ms)
				AfterProcessingInitializeOnLoad (0ms)
				EditorAssembliesLoaded (0ms)
			ExecutionOrderSort2 (0ms)
			AwakeInstancesAfterBackupRestoration (0ms)
Platform modules already initialized, skipping
Registering precompiled user dll's ...
Registered in 0.005920 seconds.
Begin MonoManager ReloadAssembly
Native extension for WindowsStandalone target not found
Native extension for WebGL target not found
Refreshing native plugins compatible for Editor in 98.76 ms, found 2 plugins.
Preloading 0 native plugins for Editor in 0.00 ms.
Mono: successfully reloaded assembly
- Completed reload, in  9.821 seconds
Domain Reload Profiling:
	ReloadAssembly (9824ms)
		BeginReloadAssembly (397ms)
			ExecutionOrderSort (0ms)
			DisableScriptedObjects (6ms)
			BackupInstance (0ms)
			ReleaseScriptingObjects (0ms)
			CreateAndSetChildDomain (58ms)
		EndReloadAssembly (9178ms)
			LoadAssemblies (6520ms)
			RebuildTransferFunctionScriptingTraits (0ms)
			SetupTypeCache (1739ms)
			ReleaseScriptCaches (1ms)
			RebuildScriptCaches (81ms)
			SetupLoadedEditorAssemblies (761ms)
				LogAssemblyErrors (0ms)
				InitializePlatformSupportModulesInManaged (7ms)
				SetLoadedEditorAssemblies (0ms)
				RefreshPlugins (99ms)
				BeforeProcessingInitializeOnLoad (132ms)
				ProcessInitializeOnLoadAttributes (492ms)
				ProcessInitializeOnLoadMethodAttributes (26ms)
				AfterProcessingInitializeOnLoad (5ms)
				EditorAssembliesLoaded (0ms)
			ExecutionOrderSort2 (0ms)
			AwakeInstancesAfterBackupRestoration (17ms)
Platform modules already initialized, skipping
========================================================================
Worker process is ready to serve import requests
Launched and connected shader compiler UnityShaderCompiler.exe after 0.17 seconds
Refreshing native plugins compatible for Editor in 1.02 ms, found 2 plugins.
Preloading 0 native plugins for Editor in 0.00 ms.
Unloading 2809 Unused Serialized files (Serialized files now loaded: 0)
System memory in use before: 124.8 MB.
System memory in use after: 125.0 MB.

Unloading 17 unused Assets to reduce memory usage. Loaded Objects now: 3242.
Total: 6.423400 ms (FindLiveObjects: 0.507000 ms CreateObjectMapping: 0.350000 ms MarkObjects: 5.452400 ms  DeleteObjects: 0.112500 ms)

AssetImportParameters requested are different than current active one (requested -> active):
  custom:framework-win-MediaFoundation: 216162199b28c13a410421893ffa2e32 -> 
  custom:video-decoder-ogg-theora: a1e56fd34408186e4bbccfd4996cb3dc -> 
  custom:container-muxer-webm: aa71ff27fc2769a1b78a27578f13a17b -> 
  custom:container-demuxer-webm: 4f35f7cbe854078d1ac9338744f61a02 -> 
  custom:container-demuxer-ogg: 62fdf1f143b41e24485cea50d1cbac27 -> 
  custom:video-encoder-webm-vp8: eb34c28f22e8b96e1ab97ce403110664 -> 
  custom:video-decoder-webm-vp8: 9c59270c3fd7afecdb556c50c9e8de78 -> 
  custom:audio-decoder-ogg-vorbis: bf7c407c2cedff20999df2af8eb42d56 -> 
  custom:audio-encoder-webm-vorbis: bf7c407c2cedff20999df2af8eb42d56 -> 
========================================================================
Received Import Request.
  path: Assets/Readme.asset
  artifactKey: Guid(83c2ed844a8c74b779a4c823d16594b1) Importer(815301076,1909f56bfc062723c751e8b465ee728b)
Start importing Assets/Readme.asset using Guid(83c2ed844a8c74b779a4c823d16594b1) Importer(815301076,1909f56bfc062723c751e8b465ee728b)  -> (artifact id: '8ffd2c44ffeb50c574abb5d0c4453328') in 0.131977 seconds 
  Import took 0.161242 seconds .

========================================================================
Received Prepare
Registering precompiled user dll's ...
Registered in 0.006749 seconds.
Begin MonoManager ReloadAssembly
Native extension for WindowsStandalone target not found
Native extension for WebGL target not found
Refreshing native plugins compatible for Editor in 1.08 ms, found 2 plugins.
Preloading 0 native plugins for Editor in 0.00 ms.
Mono: successfully reloaded assembly
- Completed reload, in  1.650 seconds
Domain Reload Profiling:
	ReloadAssembly (1651ms)
		BeginReloadAssembly (223ms)
			ExecutionOrderSort (0ms)
			DisableScriptedObjects (7ms)
			BackupInstance (0ms)
			ReleaseScriptingObjects (0ms)
			CreateAndSetChildDomain (55ms)
		EndReloadAssembly (1353ms)
			LoadAssemblies (228ms)
			RebuildTransferFunctionScriptingTraits (0ms)
			SetupTypeCache (533ms)
			ReleaseScriptCaches (1ms)
			RebuildScriptCaches (56ms)
			SetupLoadedEditorAssemblies (454ms)
				LogAssemblyErrors (0ms)
				InitializePlatformSupportModulesInManaged (9ms)
				SetLoadedEditorAssemblies (2ms)
				RefreshPlugins (1ms)
				BeforeProcessingInitializeOnLoad (136ms)
				ProcessInitializeOnLoadAttributes (288ms)
				ProcessInitializeOnLoadMethodAttributes (15ms)
				AfterProcessingInitializeOnLoad (3ms)
				EditorAssembliesLoaded (0ms)
			ExecutionOrderSort2 (0ms)
			AwakeInstancesAfterBackupRestoration (14ms)
Platform modules already initialized, skipping
Refreshing native plugins compatible for Editor in 0.83 ms, found 2 plugins.
Preloading 0 native plugins for Editor in 0.00 ms.
Unloading 2700 Unused Serialized files (Serialized files now loaded: 0)
System memory in use before: 117.7 MB.
System memory in use after: 117.9 MB.

Unloading 12 unused Assets to reduce memory usage. Loaded Objects now: 3244.
Total: 4.576000 ms (FindLiveObjects: 0.235300 ms CreateObjectMapping: 0.135400 ms MarkObjects: 4.145000 ms  DeleteObjects: 0.058900 ms)

AssetImportParameters requested are different than current active one (requested -> active):
  custom:framework-win-MediaFoundation: 216162199b28c13a410421893ffa2e32 -> 
  custom:video-decoder-ogg-theora: a1e56fd34408186e4bbccfd4996cb3dc -> 
  custom:container-muxer-webm: aa71ff27fc2769a1b78a27578f13a17b -> 
  custom:container-demuxer-webm: 4f35f7cbe854078d1ac9338744f61a02 -> 
  custom:container-demuxer-ogg: 62fdf1f143b41e24485cea50d1cbac27 -> 
  custom:video-encoder-webm-vp8: eb34c28f22e8b96e1ab97ce403110664 -> 
  custom:video-decoder-webm-vp8: 9c59270c3fd7afecdb556c50c9e8de78 -> 
  custom:audio-decoder-ogg-vorbis: bf7c407c2cedff20999df2af8eb42d56 -> 
  custom:audio-encoder-webm-vorbis: bf7c407c2cedff20999df2af8eb42d56 -> 
========================================================================
Received Import Request.
  Time since last request: 405.480899 seconds.
  path: Assets/Scenes
  artifactKey: Guid(561b27e4f3cb8da4daa6401813bdcacd) Importer(815301076,1909f56bfc062723c751e8b465ee728b)
Start importing Assets/Scenes using Guid(561b27e4f3cb8da4daa6401813bdcacd) Importer(815301076,1909f56bfc062723c751e8b465ee728b)  -> (artifact id: '01c3d67a95e637ad27dec7160421b36b') in 0.018610 seconds 
  Import took 0.025611 seconds .

========================================================================
Received Import Request.
  Time since last request: 92.335812 seconds.
  path: Assets/Scenes/SampleSceneLightingSettings.lighting
  artifactKey: Guid(477cc4148fad3449482a3bc3178594e2) Importer(815301076,1909f56bfc062723c751e8b465ee728b)
Start importing Assets/Scenes/SampleSceneLightingSettings.lighting using Guid(477cc4148fad3449482a3bc3178594e2) Importer(815301076,1909f56bfc062723c751e8b465ee728b)  -> (artifact id: '4a26a52e718306fba651ad1c5ff177c0') in 0.260248 seconds 
  Import took 0.398610 seconds .

========================================================================
Received Import Request.
  Time since last request: 55.547418 seconds.
  path: Assets/Scenes/BoardScene.unity
  artifactKey: Guid(21d1daf60fad69845906cf58f31247d8) Importer(815301076,1909f56bfc062723c751e8b465ee728b)
Start importing Assets/Scenes/BoardScene.unity using Guid(21d1daf60fad69845906cf58f31247d8) Importer(815301076,1909f56bfc062723c751e8b465ee728b)  -> (artifact id: '92af5b79aa5114d3ddee9aaef221111b') in 0.018360 seconds 
  Import took 0.038831 seconds .

========================================================================
Received Import Request.
  Time since last request: 3.979728 seconds.
  path: Assets/Scenes/SampleScene.unity
  artifactKey: Guid(d1c3109bdb54ad54c8a2b2838528e640) Importer(815301076,1909f56bfc062723c751e8b465ee728b)
Start importing Assets/Scenes/SampleScene.unity using Guid(d1c3109bdb54ad54c8a2b2838528e640) Importer(815301076,1909f56bfc062723c751e8b465ee728b)  -> (artifact id: '1a7c01bc8ed57adf1ede3d700e613d7f') in 0.018425 seconds 
  Import took 0.031869 seconds .

========================================================================
Received Import Request.
  Time since last request: 1098.831619 seconds.
  path: Assets/Materials
  artifactKey: Guid(d0234ba368eeec9418390da711bfdad0) Importer(815301076,1909f56bfc062723c751e8b465ee728b)
Start importing Assets/Materials using Guid(d0234ba368eeec9418390da711bfdad0) Importer(815301076,1909f56bfc062723c751e8b465ee728b)  -> (artifact id: 'dd1fccef896d48891410691dfde716e5') in 0.007121 seconds 
  Import took 0.013659 seconds .

========================================================================
Received Import Request.
  Time since last request: 0.039841 seconds.
  path: Assets/Materials/Skybox_Mat.mat
  artifactKey: Guid(0ffaa0b7117ba8c47a9d05ae701d4b4d) Importer(815301076,1909f56bfc062723c751e8b465ee728b)
Start importing Assets/Materials/Skybox_Mat.mat using Guid(0ffaa0b7117ba8c47a9d05ae701d4b4d) Importer(815301076,1909f56bfc062723c751e8b465ee728b)  -> (artifact id: '4d54ab3375f41efad00566dcae11def2') in 0.370878 seconds 
  Import took 0.376137 seconds .

========================================================================
Received Import Request.
  Time since last request: 7.041840 seconds.
  path: Assets/Materials/BlockoutMats
  artifactKey: Guid(acec09e3b8dca094c87c26adb5f3d534) Importer(815301076,1909f56bfc062723c751e8b465ee728b)
Start importing Assets/Materials/BlockoutMats using Guid(acec09e3b8dca094c87c26adb5f3d534) Importer(815301076,1909f56bfc062723c751e8b465ee728b)  -> (artifact id: '9fe688ac70c583d87b7a8f1fbb5857f5') in 0.010480 seconds 
  Import took 0.030860 seconds .

========================================================================
Received Import Request.
  Time since last request: 11.310171 seconds.
  path: Assets/Materials/BlockoutMats/Island.mat
  artifactKey: Guid(9652dc3c43c0ab74c878e1d1436a97cc) Importer(815301076,1909f56bfc062723c751e8b465ee728b)
Start importing Assets/Materials/BlockoutMats/Island.mat using Guid(9652dc3c43c0ab74c878e1d1436a97cc) Importer(815301076,1909f56bfc062723c751e8b465ee728b)  -> (artifact id: 'ee65ff245fbdacd41a391f882ebdc580') in 0.045553 seconds 
  Import took 0.051845 seconds .

========================================================================
Received Import Request.
  Time since last request: 20.490810 seconds.
  path: Assets/Materials/BlockoutMats/Island 1.mat
  artifactKey: Guid(b39d50b6fc4b9234c8cb19fdda3504f6) Importer(815301076,1909f56bfc062723c751e8b465ee728b)
Start importing Assets/Materials/BlockoutMats/Island 1.mat using Guid(b39d50b6fc4b9234c8cb19fdda3504f6) Importer(815301076,1909f56bfc062723c751e8b465ee728b)  -> (artifact id: 'c383c74501de41f6b1ec91cfe14de232') in 0.032044 seconds 
  Import took 0.056364 seconds .

========================================================================
Received Import Request.
  Time since last request: 0.000226 seconds.
  path: Assets/Materials/BlockoutMats/Island.mat
  artifactKey: Guid(9652dc3c43c0ab74c878e1d1436a97cc) Importer(815301076,1909f56bfc062723c751e8b465ee728b)
Start importing Assets/Materials/BlockoutMats/Island.mat using Guid(9652dc3c43c0ab74c878e1d1436a97cc) Importer(815301076,1909f56bfc062723c751e8b465ee728b)  -> (artifact id: '23ef7ecf0d57222b874b90fe93255995') in 0.019047 seconds 
  Import took 0.025332 seconds .

========================================================================
Received Import Request.
  Time since last request: 5.044212 seconds.
  path: Assets/Materials/BlockoutMats/Bridge.mat
  artifactKey: Guid(b39d50b6fc4b9234c8cb19fdda3504f6) Importer(815301076,1909f56bfc062723c751e8b465ee728b)
Start importing Assets/Materials/BlockoutMats/Bridge.mat using Guid(b39d50b6fc4b9234c8cb19fdda3504f6) Importer(815301076,1909f56bfc062723c751e8b465ee728b)  -> (artifact id: '795cd4fdc228cf8a79262b5064973f9d') in 0.022845 seconds 
  Import took 0.029431 seconds .

========================================================================
Received Import Request.
  Time since last request: 56.986733 seconds.
  path: Assets/Materials/BlockoutMats/Bridge.mat
  artifactKey: Guid(b39d50b6fc4b9234c8cb19fdda3504f6) Importer(815301076,1909f56bfc062723c751e8b465ee728b)
Start importing Assets/Materials/BlockoutMats/Bridge.mat using Guid(b39d50b6fc4b9234c8cb19fdda3504f6) Importer(815301076,1909f56bfc062723c751e8b465ee728b)  -> (artifact id: '974c4b245996494a328e122d28b31b58') in 0.019124 seconds 
  Import took 0.025758 seconds .

========================================================================
Received Import Request.
  Time since last request: 466.473602 seconds.
  path: Assets/Materials/BlockoutMats/Boat.mat
  artifactKey: Guid(4d81fa9e99f6e52498d68a3d1028d391) Importer(815301076,1909f56bfc062723c751e8b465ee728b)
Start importing Assets/Materials/BlockoutMats/Boat.mat using Guid(4d81fa9e99f6e52498d68a3d1028d391) Importer(815301076,1909f56bfc062723c751e8b465ee728b)  -> (artifact id: 'b8fbf77bb903720944507649563ac214') in 0.030098 seconds 
  Import took 0.057047 seconds .

========================================================================
Received Import Request.
  Time since last request: 43.404037 seconds.
  path: Assets/Materials/BlockoutMats/Boat.mat
  artifactKey: Guid(4d81fa9e99f6e52498d68a3d1028d391) Importer(815301076,1909f56bfc062723c751e8b465ee728b)
Start importing Assets/Materials/BlockoutMats/Boat.mat using Guid(4d81fa9e99f6e52498d68a3d1028d391) Importer(815301076,1909f56bfc062723c751e8b465ee728b)  -> (artifact id: '63541b8ea810bbce46aefa112e789fab') in 0.025049 seconds 
  Import took 0.041710 seconds .

========================================================================
Received Import Request.
  Time since last request: 133.733312 seconds.
  path: Assets/Materials/BlockoutMats/Water.mat
  artifactKey: Guid(b86002ff2ad70d140be806f8b5236315) Importer(815301076,1909f56bfc062723c751e8b465ee728b)
Start importing Assets/Materials/BlockoutMats/Water.mat using Guid(b86002ff2ad70d140be806f8b5236315) Importer(815301076,1909f56bfc062723c751e8b465ee728b)  -> (artifact id: '87981acedf65ea9c6d0b1161f9f56bbd') in 0.023175 seconds 
  Import took 0.077236 seconds .

========================================================================
Received Import Request.
  Time since last request: 131.128021 seconds.
  path: Assets/Materials/BlockoutMats/Water.mat
  artifactKey: Guid(b86002ff2ad70d140be806f8b5236315) Importer(815301076,1909f56bfc062723c751e8b465ee728b)
Start importing Assets/Materials/BlockoutMats/Water.mat using Guid(b86002ff2ad70d140be806f8b5236315) Importer(815301076,1909f56bfc062723c751e8b465ee728b)  -> (artifact id: '230c56e01603f4b77184a6028c6e7442') in 0.020303 seconds 
  Import took 0.026502 seconds .

========================================================================
Received Import Request.
  Time since last request: 56.404597 seconds.
  path: Assets/Settings
  artifactKey: Guid(0735c275001a2c84dafdb30deced5d8d) Importer(815301076,1909f56bfc062723c751e8b465ee728b)
Start importing Assets/Settings using Guid(0735c275001a2c84dafdb30deced5d8d) Importer(815301076,1909f56bfc062723c751e8b465ee728b)  -> (artifact id: 'cadd7ca10b5bf32e886eec457cf073a7') in 0.007436 seconds 
  Import took 0.096242 seconds .

========================================================================
Received Import Request.
  Time since last request: 0.000352 seconds.
  path: Assets/Settings/SampleSceneProfile.asset
  artifactKey: Guid(10fc4df2da32a41aaa32d77bc913491c) Importer(815301076,1909f56bfc062723c751e8b465ee728b)
Start importing Assets/Settings/SampleSceneProfile.asset using Guid(10fc4df2da32a41aaa32d77bc913491c) Importer(815301076,1909f56bfc062723c751e8b465ee728b)  -> (artifact id: '3d4b0e6a69eb8db40f22f0859d835687') in 0.011858 seconds 
  Import took 0.019446 seconds .

========================================================================
Received Import Request.
  Time since last request: 0.000796 seconds.
  path: Assets/Settings/UniversalRP-LowQuality.asset
  artifactKey: Guid(a31e9f9f9c9d4b9429ed0d1234e22103) Importer(815301076,1909f56bfc062723c751e8b465ee728b)
Start importing Assets/Settings/UniversalRP-LowQuality.asset using Guid(a31e9f9f9c9d4b9429ed0d1234e22103) Importer(815301076,1909f56bfc062723c751e8b465ee728b)  -> (artifact id: 'b226a0bb157262eadf686f6bb5b5f1f8') in 0.044355 seconds 
  Import took 0.050005 seconds .

========================================================================
Received Import Request.
  Time since last request: 0.000322 seconds.
  path: Assets/Settings/UniversalRP-MediumQuality.asset
  artifactKey: Guid(d847b876476d3d6468f5dfcd34266f96) Importer(815301076,1909f56bfc062723c751e8b465ee728b)
Start importing Assets/Settings/UniversalRP-MediumQuality.asset using Guid(d847b876476d3d6468f5dfcd34266f96) Importer(815301076,1909f56bfc062723c751e8b465ee728b)  -> (artifact id: 'd421f548a6507a11f25ec3578746e9c1') in 0.008939 seconds 
  Import took 0.036340 seconds .

========================================================================
Received Import Request.
  Time since last request: 0.000332 seconds.
  path: Assets/Settings/UniversalRP-HighQuality.asset
  artifactKey: Guid(19ba41d7c0026c3459d37c2fe90c55a0) Importer(815301076,1909f56bfc062723c751e8b465ee728b)
Start importing Assets/Settings/UniversalRP-HighQuality.asset using Guid(19ba41d7c0026c3459d37c2fe90c55a0) Importer(815301076,1909f56bfc062723c751e8b465ee728b)  -> (artifact id: '02e18c1f933b70f494440bf5e7626866') in 0.009784 seconds 
  Import took 0.017360 seconds .

========================================================================
Received Import Request.
  Time since last request: 0.000483 seconds.
  path: Assets/Settings/ForwardRenderer.asset
  artifactKey: Guid(4a8e21d5c33334b11b34a596161b9360) Importer(815301076,1909f56bfc062723c751e8b465ee728b)
Start importing Assets/Settings/ForwardRenderer.asset using Guid(4a8e21d5c33334b11b34a596161b9360) Importer(815301076,1909f56bfc062723c751e8b465ee728b)  -> (artifact id: '63cf95242464b0f1307a08bc2392aaaa') in 0.011984 seconds 
  Import took 0.029265 seconds .

========================================================================
Received Import Request.
  Time since last request: 334.925857 seconds.
  path: Assets
  artifactKey: Guid(00000000000000001000000000000000) Importer(815301076,1909f56bfc062723c751e8b465ee728b)
Start importing Assets using Guid(00000000000000001000000000000000) Importer(815301076,1909f56bfc062723c751e8b465ee728b)  -> (artifact id: '42d402b061de3733987d63b9cc3b64de') in 0.007672 seconds 
  Import took 0.362421 seconds .

========================================================================
Received Import Request.
  Time since last request: 3.887054 seconds.
  path: Assets/Prefabs
  artifactKey: Guid(c55d5f1ab648f7e4289c92ad08a88fb6) Importer(815301076,1909f56bfc062723c751e8b465ee728b)
Start importing Assets/Prefabs using Guid(c55d5f1ab648f7e4289c92ad08a88fb6) Importer(815301076,1909f56bfc062723c751e8b465ee728b)  -> (artifact id: 'c5e924b94e3d94e4de76657a00128f6b') in 0.008996 seconds 
  Import took 0.015000 seconds .

========================================================================
Received Import Request.
  Time since last request: 7.263536 seconds.
  path: Assets/Prefabs/Blockout
  artifactKey: Guid(e640e7f2a3fa1c64a812d5d0f1cb5131) Importer(815301076,1909f56bfc062723c751e8b465ee728b)
Start importing Assets/Prefabs/Blockout using Guid(e640e7f2a3fa1c64a812d5d0f1cb5131) Importer(815301076,1909f56bfc062723c751e8b465ee728b)  -> (artifact id: 'e5807520cf16400b344bcf494bc2c218') in 0.008482 seconds 
  Import took 0.026208 seconds .

========================================================================
Received Import Request.
  Time since last request: 3.224840 seconds.
  path: Assets/Prefabs/Blockout/Boat.prefab
  artifactKey: Guid(7e0a87570c6e2de438b1cb54f7498d8f) Importer(815301076,1909f56bfc062723c751e8b465ee728b)
Start importing Assets/Prefabs/Blockout/Boat.prefab using Guid(7e0a87570c6e2de438b1cb54f7498d8f) Importer(815301076,1909f56bfc062723c751e8b465ee728b)  -> (artifact id: '636af2ef0b248615d120ee3608f8b7c8') in 0.099219 seconds 
  Import took 0.105403 seconds .

========================================================================
Received Import Request.
  Time since last request: 850.454354 seconds.
  path: Assets/Materials/BlockoutMats/SpaceOutline.mat
  artifactKey: Guid(51343050835ebbe48bfb3ebba672c628) Importer(815301076,1909f56bfc062723c751e8b465ee728b)
Start importing Assets/Materials/BlockoutMats/SpaceOutline.mat using Guid(51343050835ebbe48bfb3ebba672c628) Importer(815301076,1909f56bfc062723c751e8b465ee728b)  -> (artifact id: 'ed6872420b3cc9dade3ef5697ce9dcf3') in 0.021282 seconds 
  Import took 0.130811 seconds .

========================================================================
Received Import Request.
  Time since last request: 6.836972 seconds.
  path: Assets/Materials/BlockoutMats/SpaceOutline 1.mat
  artifactKey: Guid(fa1f243f5cb150d45ab51c1f346c7298) Importer(815301076,1909f56bfc062723c751e8b465ee728b)
Start importing Assets/Materials/BlockoutMats/SpaceOutline 1.mat using Guid(fa1f243f5cb150d45ab51c1f346c7298) Importer(815301076,1909f56bfc062723c751e8b465ee728b)  -> (artifact id: '15d5d8f4e8ad6dc25c3933755a2c1e0e') in 0.022522 seconds 
  Import took 0.029731 seconds .

========================================================================
Received Import Request.
  Time since last request: 8.014583 seconds.
  path: Assets/Materials/BlockoutMats/Space.mat
  artifactKey: Guid(fa1f243f5cb150d45ab51c1f346c7298) Importer(815301076,1909f56bfc062723c751e8b465ee728b)
Start importing Assets/Materials/BlockoutMats/Space.mat using Guid(fa1f243f5cb150d45ab51c1f346c7298) Importer(815301076,1909f56bfc062723c751e8b465ee728b)  -> (artifact id: '8f4edc46f4f87ce9530d3c5097d9e12a') in 0.020739 seconds 
  Import took 0.038763 seconds .

========================================================================
Received Import Request.
  Time since last request: 229.502038 seconds.
  path: Assets/Materials/BlockoutMats/Space.mat
  artifactKey: Guid(fa1f243f5cb150d45ab51c1f346c7298) Importer(815301076,1909f56bfc062723c751e8b465ee728b)
Start importing Assets/Materials/BlockoutMats/Space.mat using Guid(fa1f243f5cb150d45ab51c1f346c7298) Importer(815301076,1909f56bfc062723c751e8b465ee728b)  -> (artifact id: '4b25272745e93c926c7a841e9f31ccf2') in 0.022959 seconds 
  Import took 0.071147 seconds .

========================================================================
Received Import Request.
  Time since last request: 49.355799 seconds.
  path: Assets/Prefabs/Space.prefab
  artifactKey: Guid(39ff9d43e1955af4d8a1dbd23505ce61) Importer(815301076,1909f56bfc062723c751e8b465ee728b)
Start importing Assets/Prefabs/Space.prefab using Guid(39ff9d43e1955af4d8a1dbd23505ce61) Importer(815301076,1909f56bfc062723c751e8b465ee728b)  -> (artifact id: 'c4c08888c5bd18ecabd9146db1c6897a') in 0.026025 seconds 
  Import took 0.033018 seconds .

========================================================================
Received Import Request.
  Time since last request: 833.924237 seconds.
  path: Assets/Presets
  artifactKey: Guid(558255460b74ec04fa70b5570e9327bd) Importer(815301076,1909f56bfc062723c751e8b465ee728b)
Start importing Assets/Presets using Guid(558255460b74ec04fa70b5570e9327bd) Importer(815301076,1909f56bfc062723c751e8b465ee728b)  -> (artifact id: 'e1966229f3d7993f283b578bcf544b58') in 0.008199 seconds 
  Import took 0.016199 seconds .

========================================================================
Received Import Request.
  Time since last request: 279.764039 seconds.
  path: Assets/Materials/BlockoutMats/Space 1.mat
  artifactKey: Guid(78cf8114fef67364286e5c34db1d9014) Importer(815301076,1909f56bfc062723c751e8b465ee728b)
Start importing Assets/Materials/BlockoutMats/Space 1.mat using Guid(78cf8114fef67364286e5c34db1d9014) Importer(815301076,1909f56bfc062723c751e8b465ee728b)  -> (artifact id: '6349d6ef8682875205a3727860d492ef') in 0.024463 seconds 
  Import took 0.032055 seconds .

========================================================================
Received Import Request.
  Time since last request: 6.775625 seconds.
  path: Assets/Materials/BlockoutMats/SpacePurple.mat
  artifactKey: Guid(78cf8114fef67364286e5c34db1d9014) Importer(815301076,1909f56bfc062723c751e8b465ee728b)
Start importing Assets/Materials/BlockoutMats/SpacePurple.mat using Guid(78cf8114fef67364286e5c34db1d9014) Importer(815301076,1909f56bfc062723c751e8b465ee728b)  -> (artifact id: 'dedc1e8073e989718c0d0a05db83b9d8') in 0.020666 seconds 
  Import took 0.026141 seconds .

========================================================================
Received Import Request.
  Time since last request: 66.560967 seconds.
  path: Assets/Materials/BlockoutMats/SpacePurple 1.mat
  artifactKey: Guid(baf99bf79ed24224494999331f5b4573) Importer(815301076,1909f56bfc062723c751e8b465ee728b)
Start importing Assets/Materials/BlockoutMats/SpacePurple 1.mat using Guid(baf99bf79ed24224494999331f5b4573) Importer(815301076,1909f56bfc062723c751e8b465ee728b)  -> (artifact id: '0286722e35cc33aa9203d2f12716323d') in 0.018773 seconds 
  Import took 0.118784 seconds .

========================================================================
Received Import Request.
  Time since last request: 0.000395 seconds.
  path: Assets/Materials/BlockoutMats/SpacePurple.mat
  artifactKey: Guid(78cf8114fef67364286e5c34db1d9014) Importer(815301076,1909f56bfc062723c751e8b465ee728b)
Start importing Assets/Materials/BlockoutMats/SpacePurple.mat using Guid(78cf8114fef67364286e5c34db1d9014) Importer(815301076,1909f56bfc062723c751e8b465ee728b)  -> (artifact id: 'd4f146cae2895e4c73cc827cb08db8d1') in 0.015267 seconds 
  Import took 0.021986 seconds .

========================================================================
Received Import Request.
  Time since last request: 7.342466 seconds.
  path: Assets/Materials/BlockoutMats/SpaceStart.mat
  artifactKey: Guid(baf99bf79ed24224494999331f5b4573) Importer(815301076,1909f56bfc062723c751e8b465ee728b)
Start importing Assets/Materials/BlockoutMats/SpaceStart.mat using Guid(baf99bf79ed24224494999331f5b4573) Importer(815301076,1909f56bfc062723c751e8b465ee728b)  -> (artifact id: 'f1c5f8fadf82ee092614c77968bf324b') in 0.020173 seconds 
  Import took 0.027299 seconds .

========================================================================
Received Import Request.
  Time since last request: 38.276796 seconds.
  path: Assets/Materials/BlockoutMats/SpacePurple 1.mat
  artifactKey: Guid(22c3a80f496e9954f8e03f62ffaa69b8) Importer(815301076,1909f56bfc062723c751e8b465ee728b)
Start importing Assets/Materials/BlockoutMats/SpacePurple 1.mat using Guid(22c3a80f496e9954f8e03f62ffaa69b8) Importer(815301076,1909f56bfc062723c751e8b465ee728b)  -> (artifact id: 'd2fc7e642db84a14c0e8c36b06e09ff5') in 0.016597 seconds 
  Import took 0.022974 seconds .

========================================================================
Received Import Request.
  Time since last request: 0.000334 seconds.
  path: Assets/Materials/BlockoutMats/SpaceStart.mat
  artifactKey: Guid(baf99bf79ed24224494999331f5b4573) Importer(815301076,1909f56bfc062723c751e8b465ee728b)
Start importing Assets/Materials/BlockoutMats/SpaceStart.mat using Guid(baf99bf79ed24224494999331f5b4573) Importer(815301076,1909f56bfc062723c751e8b465ee728b)  -> (artifact id: '8005c0b83f95ad0ee0e5fdc6529fec2e') in 0.021559 seconds 
  Import took 0.026987 seconds .

========================================================================
Received Import Request.
  Time since last request: 7.999626 seconds.
  path: Assets/Materials/BlockoutMats/SpaceYellow.mat
  artifactKey: Guid(22c3a80f496e9954f8e03f62ffaa69b8) Importer(815301076,1909f56bfc062723c751e8b465ee728b)
Start importing Assets/Materials/BlockoutMats/SpaceYellow.mat using Guid(22c3a80f496e9954f8e03f62ffaa69b8) Importer(815301076,1909f56bfc062723c751e8b465ee728b)  -> (artifact id: 'f2038ce9c56577d7852b1a46d8e3e3d6') in 0.019293 seconds 
  Import took 0.026162 seconds .

========================================================================
Received Import Request.
  Time since last request: 22.337959 seconds.
  path: Assets/Materials/BlockoutMats/SpacePurple 1.mat
  artifactKey: Guid(36365c5016c8c8e4da647eebdc1eab0a) Importer(815301076,1909f56bfc062723c751e8b465ee728b)
Start importing Assets/Materials/BlockoutMats/SpacePurple 1.mat using Guid(36365c5016c8c8e4da647eebdc1eab0a) Importer(815301076,1909f56bfc062723c751e8b465ee728b)  -> (artifact id: '8f136045d7a76f8e8b8e6c1549223730') in 0.016832 seconds 
  Import took 0.022600 seconds .

========================================================================
Received Import Request.
  Time since last request: 0.000290 seconds.
  path: Assets/Materials/BlockoutMats/SpaceYellow.mat
  artifactKey: Guid(22c3a80f496e9954f8e03f62ffaa69b8) Importer(815301076,1909f56bfc062723c751e8b465ee728b)
Start importing Assets/Materials/BlockoutMats/SpaceYellow.mat using Guid(22c3a80f496e9954f8e03f62ffaa69b8) Importer(815301076,1909f56bfc062723c751e8b465ee728b)  -> (artifact id: '6be2cccaf2831e97ef555042062c457e') in 0.019596 seconds 
  Import took 0.041954 seconds .

========================================================================
Received Import Request.
  Time since last request: 5.146121 seconds.
  path: Assets/Materials/BlockoutMats/SpaceBlue.mat
  artifactKey: Guid(36365c5016c8c8e4da647eebdc1eab0a) Importer(815301076,1909f56bfc062723c751e8b465ee728b)
Start importing Assets/Materials/BlockoutMats/SpaceBlue.mat using Guid(36365c5016c8c8e4da647eebdc1eab0a) Importer(815301076,1909f56bfc062723c751e8b465ee728b)  -> (artifact id: 'f664a8878649bf1731f2c58360b5ec6e') in 0.019713 seconds 
  Import took 0.026323 seconds .

========================================================================
Received Import Request.
  Time since last request: 55.363490 seconds.
  path: Assets/Materials/BlockoutMats/SpaceBlue 1.mat
  artifactKey: Guid(ece45200e24ee2946a597bebe47b091e) Importer(815301076,1909f56bfc062723c751e8b465ee728b)
Start importing Assets/Materials/BlockoutMats/SpaceBlue 1.mat using Guid(ece45200e24ee2946a597bebe47b091e) Importer(815301076,1909f56bfc062723c751e8b465ee728b)  -> (artifact id: 'a4fe99c94aa064cc4d20bbec64b6ae54') in 0.026834 seconds 
  Import took 0.036108 seconds .

========================================================================
Received Import Request.
  Time since last request: 0.000299 seconds.
  path: Assets/Materials/BlockoutMats/SpaceBlue.mat
  artifactKey: Guid(36365c5016c8c8e4da647eebdc1eab0a) Importer(815301076,1909f56bfc062723c751e8b465ee728b)
Start importing Assets/Materials/BlockoutMats/SpaceBlue.mat using Guid(36365c5016c8c8e4da647eebdc1eab0a) Importer(815301076,1909f56bfc062723c751e8b465ee728b)  -> (artifact id: 'cba64923babc3e272a75e882d58e8f4b') in 0.017978 seconds 
  Import took 0.026751 seconds .

========================================================================
Received Import Request.
  Time since last request: 6.018594 seconds.
  path: Assets/Materials/BlockoutMats/SpaceRed.mat
  artifactKey: Guid(ece45200e24ee2946a597bebe47b091e) Importer(815301076,1909f56bfc062723c751e8b465ee728b)
Start importing Assets/Materials/BlockoutMats/SpaceRed.mat using Guid(ece45200e24ee2946a597bebe47b091e) Importer(815301076,1909f56bfc062723c751e8b465ee728b)  -> (artifact id: '4f9e8de40830022b8a9bf5fbe5db45d7') in 0.019912 seconds 
  Import took 0.025330 seconds .

========================================================================
Received Import Request.
  Time since last request: 48.093598 seconds.
  path: Assets/Materials/BlockoutMats/SpaceRed 1.mat
  artifactKey: Guid(0fbad82e46266084dbc9eff9498b0ea5) Importer(815301076,1909f56bfc062723c751e8b465ee728b)
Start importing Assets/Materials/BlockoutMats/SpaceRed 1.mat using Guid(0fbad82e46266084dbc9eff9498b0ea5) Importer(815301076,1909f56bfc062723c751e8b465ee728b)  -> (artifact id: '1970b2a98eb4d0cc6f6052407019f5ab') in 0.021501 seconds 
  Import took 0.028348 seconds .

========================================================================
Received Import Request.
  Time since last request: 0.000506 seconds.
  path: Assets/Materials/BlockoutMats/SpaceRed.mat
  artifactKey: Guid(ece45200e24ee2946a597bebe47b091e) Importer(815301076,1909f56bfc062723c751e8b465ee728b)
Start importing Assets/Materials/BlockoutMats/SpaceRed.mat using Guid(ece45200e24ee2946a597bebe47b091e) Importer(815301076,1909f56bfc062723c751e8b465ee728b)  -> (artifact id: '509fcd42ddc0489ebbc6305563c5f380') in 0.016480 seconds 
  Import took 0.023217 seconds .

========================================================================
Received Import Request.
  Time since last request: 5.314700 seconds.
  path: Assets/Materials/BlockoutMats/SpaceGreen.mat
  artifactKey: Guid(0fbad82e46266084dbc9eff9498b0ea5) Importer(815301076,1909f56bfc062723c751e8b465ee728b)
Start importing Assets/Materials/BlockoutMats/SpaceGreen.mat using Guid(0fbad82e46266084dbc9eff9498b0ea5) Importer(815301076,1909f56bfc062723c751e8b465ee728b)  -> (artifact id: '5d2d2b2a845cdaf38870a75ea0df553b') in 0.018588 seconds 
  Import took 0.025353 seconds .

========================================================================
Received Import Request.
  Time since last request: 13.357072 seconds.
  path: Assets/Materials/BlockoutMats/SpaceGreen.mat
  artifactKey: Guid(0fbad82e46266084dbc9eff9498b0ea5) Importer(815301076,1909f56bfc062723c751e8b465ee728b)
Start importing Assets/Materials/BlockoutMats/SpaceGreen.mat using Guid(0fbad82e46266084dbc9eff9498b0ea5) Importer(815301076,1909f56bfc062723c751e8b465ee728b)  -> (artifact id: '712fde3c08876ae0980fb3d1232aac98') in 0.018639 seconds 
  Import took 0.025662 seconds .

========================================================================
Received Import Request.
  Time since last request: 43.574260 seconds.
  path: Assets/Materials/BlockoutMats/SpaceStart.mat
  artifactKey: Guid(baf99bf79ed24224494999331f5b4573) Importer(815301076,1909f56bfc062723c751e8b465ee728b)
Start importing Assets/Materials/BlockoutMats/SpaceStart.mat using Guid(baf99bf79ed24224494999331f5b4573) Importer(815301076,1909f56bfc062723c751e8b465ee728b)  -> (artifact id: '2440b85b023fe123f02e3a3dc0544384') in 0.020670 seconds 
  Import took 0.027332 seconds .

========================================================================
Received Import Request.
  Time since last request: 114.131859 seconds.
  path: Assets/Materials/BlockoutMats/SpaceStart 1.mat
  artifactKey: Guid(66317b50bc6dfea43a709da26e77c8a4) Importer(815301076,1909f56bfc062723c751e8b465ee728b)
Start importing Assets/Materials/BlockoutMats/SpaceStart 1.mat using Guid(66317b50bc6dfea43a709da26e77c8a4) Importer(815301076,1909f56bfc062723c751e8b465ee728b)  -> (artifact id: 'f7803a0dcb305f98783e51c445645c31') in 0.021134 seconds 
  Import took 0.116094 seconds .

========================================================================
Received Import Request.
  Time since last request: 4.992835 seconds.
  path: Assets/Materials/BlockoutMats/SpaceVisit.mat
  artifactKey: Guid(66317b50bc6dfea43a709da26e77c8a4) Importer(815301076,1909f56bfc062723c751e8b465ee728b)
Start importing Assets/Materials/BlockoutMats/SpaceVisit.mat using Guid(66317b50bc6dfea43a709da26e77c8a4) Importer(815301076,1909f56bfc062723c751e8b465ee728b)  -> (artifact id: 'b3f43d7066375b1a11cd6a202e749bf7') in 0.019344 seconds 
  Import took 0.025522 seconds .

========================================================================
Received Import Request.
  Time since last request: 9.909284 seconds.
  path: Assets/Materials/BlockoutMats/SpaceVisit.mat
  artifactKey: Guid(66317b50bc6dfea43a709da26e77c8a4) Importer(815301076,1909f56bfc062723c751e8b465ee728b)
Start importing Assets/Materials/BlockoutMats/SpaceVisit.mat using Guid(66317b50bc6dfea43a709da26e77c8a4) Importer(815301076,1909f56bfc062723c751e8b465ee728b)  -> (artifact id: '18a0328815ac70badfb073cbce7ec721') in 0.018039 seconds 
  Import took 0.024240 seconds .

========================================================================
Received Import Request.
  Time since last request: 128.595467 seconds.
  path: ProjectSettings/TagManager.asset
  artifactKey: Guid(00000000000000003000000000000000) Importer(815301076,1909f56bfc062723c751e8b465ee728b)
Start importing ProjectSettings/TagManager.asset using Guid(00000000000000003000000000000000) Importer(815301076,1909f56bfc062723c751e8b465ee728b)  -> (artifact id: 'fc42e30003074059bef8fb59cba1b257') in 0.009058 seconds 
  Import took 0.016585 seconds .

========================================================================
Received Import Request.
  Time since last request: 218.569410 seconds.
  path: Assets/Materials/BlockoutMats/SpaceVisit 1.mat
  artifactKey: Guid(36667b65c179c7e418fc652a5801aaf0) Importer(815301076,1909f56bfc062723c751e8b465ee728b)
Start importing Assets/Materials/BlockoutMats/SpaceVisit 1.mat using Guid(36667b65c179c7e418fc652a5801aaf0) Importer(815301076,1909f56bfc062723c751e8b465ee728b)  -> (artifact id: 'd1c9d855d85e4998cee46d87477580ac') in 0.021354 seconds 
  Import took 0.028665 seconds .

========================================================================
Received Import Request.
  Time since last request: 7.907781 seconds.
  path: Assets/Materials/BlockoutMats/SpaceLucky.mat
  artifactKey: Guid(36667b65c179c7e418fc652a5801aaf0) Importer(815301076,1909f56bfc062723c751e8b465ee728b)
Start importing Assets/Materials/BlockoutMats/SpaceLucky.mat using Guid(36667b65c179c7e418fc652a5801aaf0) Importer(815301076,1909f56bfc062723c751e8b465ee728b)  -> (artifact id: '8d27ccdf928b9af9aa33e39b59569034') in 0.024504 seconds 
  Import took 0.030115 seconds .

========================================================================
Received Import Request.
  Time since last request: 13.939494 seconds.
  path: Assets/Materials/BlockoutMats/SpaceLucky.mat
  artifactKey: Guid(36667b65c179c7e418fc652a5801aaf0) Importer(815301076,1909f56bfc062723c751e8b465ee728b)
Start importing Assets/Materials/BlockoutMats/SpaceLucky.mat using Guid(36667b65c179c7e418fc652a5801aaf0) Importer(815301076,1909f56bfc062723c751e8b465ee728b)  -> (artifact id: 'ce40889fe7a8b1f5eee58ca53c9cf7ed') in 0.019491 seconds 
  Import took 0.025894 seconds .

========================================================================
Received Import Request.
  Time since last request: 517.147858 seconds.
  path: Assets/Scripts
  artifactKey: Guid(02a3527b6b33a924e8ec66aa805ea717) Importer(815301076,1909f56bfc062723c751e8b465ee728b)
Start importing Assets/Scripts using Guid(02a3527b6b33a924e8ec66aa805ea717) Importer(815301076,1909f56bfc062723c751e8b465ee728b)  -> (artifact id: 'f0a913a0049096cde5d6a727232f232f') in 0.006292 seconds 
  Import took 0.043300 seconds .

========================================================================
Received Import Request.
  Time since last request: 1.074068 seconds.
  path: Assets/Scripts/SimpleCameraController.cs
  artifactKey: Guid(be76e5f14cfee674cb30b491fb72b09b) Importer(815301076,1909f56bfc062723c751e8b465ee728b)
Start importing Assets/Scripts/SimpleCameraController.cs using Guid(be76e5f14cfee674cb30b491fb72b09b) Importer(815301076,1909f56bfc062723c751e8b465ee728b)  -> (artifact id: '6fabacd34a50697f141b69331c2a601e') in 0.023666 seconds 
  Import took 0.029875 seconds .

========================================================================
Received Prepare
Registering precompiled user dll's ...
Registered in 0.006592 seconds.
Begin MonoManager ReloadAssembly
Native extension for WindowsStandalone target not found
Native extension for WebGL target not found
Refreshing native plugins compatible for Editor in 0.70 ms, found 2 plugins.
Preloading 0 native plugins for Editor in 0.00 ms.
Mono: successfully reloaded assembly
- Completed reload, in  1.502 seconds
Domain Reload Profiling:
	ReloadAssembly (1503ms)
		BeginReloadAssembly (271ms)
			ExecutionOrderSort (0ms)
			DisableScriptedObjects (11ms)
			BackupInstance (0ms)
			ReleaseScriptingObjects (0ms)
			CreateAndSetChildDomain (95ms)
		EndReloadAssembly (1164ms)
			LoadAssemblies (193ms)
			RebuildTransferFunctionScriptingTraits (0ms)
			SetupTypeCache (404ms)
			ReleaseScriptCaches (2ms)
			RebuildScriptCaches (64ms)
			SetupLoadedEditorAssemblies (379ms)
				LogAssemblyErrors (0ms)
				InitializePlatformSupportModulesInManaged (5ms)
				SetLoadedEditorAssemblies (1ms)
				RefreshPlugins (1ms)
				BeforeProcessingInitializeOnLoad (101ms)
				ProcessInitializeOnLoadAttributes (255ms)
				ProcessInitializeOnLoadMethodAttributes (13ms)
				AfterProcessingInitializeOnLoad (3ms)
				EditorAssembliesLoaded (0ms)
			ExecutionOrderSort2 (0ms)
			AwakeInstancesAfterBackupRestoration (17ms)
Platform modules already initialized, skipping
Refreshing native plugins compatible for Editor in 0.60 ms, found 2 plugins.
Preloading 0 native plugins for Editor in 0.00 ms.
Unloading 2702 Unused Serialized files (Serialized files now loaded: 0)
System memory in use before: 123.4 MB.
System memory in use after: 123.6 MB.

Unloading 13 unused Assets to reduce memory usage. Loaded Objects now: 3329.
Total: 4.551200 ms (FindLiveObjects: 0.292500 ms CreateObjectMapping: 0.157600 ms MarkObjects: 4.073600 ms  DeleteObjects: 0.026400 ms)

AssetImportParameters requested are different than current active one (requested -> active):
  custom:framework-win-MediaFoundation: 216162199b28c13a410421893ffa2e32 -> 
  custom:video-decoder-ogg-theora: a1e56fd34408186e4bbccfd4996cb3dc -> 
  custom:container-muxer-webm: aa71ff27fc2769a1b78a27578f13a17b -> 
  custom:container-demuxer-webm: 4f35f7cbe854078d1ac9338744f61a02 -> 
  custom:container-demuxer-ogg: 62fdf1f143b41e24485cea50d1cbac27 -> 
  custom:video-encoder-webm-vp8: eb34c28f22e8b96e1ab97ce403110664 -> 
  custom:video-decoder-webm-vp8: 9c59270c3fd7afecdb556c50c9e8de78 -> 
  custom:audio-decoder-ogg-vorbis: bf7c407c2cedff20999df2af8eb42d56 -> 
  custom:audio-encoder-webm-vorbis: bf7c407c2cedff20999df2af8eb42d56 -> 
========================================================================
Received Prepare
Registering precompiled user dll's ...
Registered in 0.005954 seconds.
Begin MonoManager ReloadAssembly
Native extension for WindowsStandalone target not found
Native extension for WebGL target not found
Refreshing native plugins compatible for Editor in 0.91 ms, found 2 plugins.
Preloading 0 native plugins for Editor in 0.00 ms.
Mono: successfully reloaded assembly
- Completed reload, in  1.359 seconds
Domain Reload Profiling:
	ReloadAssembly (1359ms)
		BeginReloadAssembly (175ms)
			ExecutionOrderSort (0ms)
			DisableScriptedObjects (6ms)
			BackupInstance (0ms)
			ReleaseScriptingObjects (0ms)
			CreateAndSetChildDomain (39ms)
		EndReloadAssembly (1118ms)
			LoadAssemblies (173ms)
			RebuildTransferFunctionScriptingTraits (0ms)
			SetupTypeCache (384ms)
			ReleaseScriptCaches (2ms)
			RebuildScriptCaches (57ms)
			SetupLoadedEditorAssemblies (373ms)
				LogAssemblyErrors (0ms)
				InitializePlatformSupportModulesInManaged (6ms)
				SetLoadedEditorAssemblies (1ms)
				RefreshPlugins (1ms)
				BeforeProcessingInitializeOnLoad (107ms)
				ProcessInitializeOnLoadAttributes (246ms)
				ProcessInitializeOnLoadMethodAttributes (9ms)
				AfterProcessingInitializeOnLoad (2ms)
				EditorAssembliesLoaded (0ms)
			ExecutionOrderSort2 (0ms)
			AwakeInstancesAfterBackupRestoration (19ms)
Platform modules already initialized, skipping
Refreshing native plugins compatible for Editor in 0.66 ms, found 2 plugins.
Preloading 0 native plugins for Editor in 0.00 ms.
Unloading 2700 Unused Serialized files (Serialized files now loaded: 0)
System memory in use before: 123.3 MB.
System memory in use after: 123.6 MB.

Unloading 12 unused Assets to reduce memory usage. Loaded Objects now: 3331.
Total: 4.170800 ms (FindLiveObjects: 0.417400 ms CreateObjectMapping: 0.181500 ms MarkObjects: 3.541200 ms  DeleteObjects: 0.028500 ms)

AssetImportParameters requested are different than current active one (requested -> active):
  custom:framework-win-MediaFoundation: 216162199b28c13a410421893ffa2e32 -> 
  custom:video-decoder-ogg-theora: a1e56fd34408186e4bbccfd4996cb3dc -> 
  custom:container-muxer-webm: aa71ff27fc2769a1b78a27578f13a17b -> 
  custom:container-demuxer-webm: 4f35f7cbe854078d1ac9338744f61a02 -> 
  custom:container-demuxer-ogg: 62fdf1f143b41e24485cea50d1cbac27 -> 
  custom:video-encoder-webm-vp8: eb34c28f22e8b96e1ab97ce403110664 -> 
  custom:video-decoder-webm-vp8: 9c59270c3fd7afecdb556c50c9e8de78 -> 
  custom:audio-decoder-ogg-vorbis: bf7c407c2cedff20999df2af8eb42d56 -> 
  custom:audio-encoder-webm-vorbis: bf7c407c2cedff20999df2af8eb42d56 -> 
========================================================================
Received Import Request.
  Time since last request: 344.769282 seconds.
  path: Assets/Prefabs/Space.prefab
  artifactKey: Guid(39ff9d43e1955af4d8a1dbd23505ce61) Importer(815301076,1909f56bfc062723c751e8b465ee728b)
Start importing Assets/Prefabs/Space.prefab using Guid(39ff9d43e1955af4d8a1dbd23505ce61) Importer(815301076,1909f56bfc062723c751e8b465ee728b)  -> (artifact id: 'd16e5fdee236e17935d45b1e440f2aeb') in 0.230315 seconds 
  Import took 0.239024 seconds .

========================================================================
Received Import Request.
  Time since last request: 1.694403 seconds.
  path: Assets/Prefabs/Player.prefab
  artifactKey: Guid(cd37cc263b737354ba404b51c3f1b42b) Importer(815301076,1909f56bfc062723c751e8b465ee728b)
Start importing Assets/Prefabs/Player.prefab using Guid(cd37cc263b737354ba404b51c3f1b42b) Importer(815301076,1909f56bfc062723c751e8b465ee728b)  -> (artifact id: '4460f5b79dc8343e728ec16bdd5943ef') in 0.022526 seconds 
  Import took 0.029175 seconds .

========================================================================
Received Import Request.
  Time since last request: 382.517189 seconds.
  path: Assets/Scripts/Player
  artifactKey: Guid(b26afe6ab47399d4ba0c97e01430eb21) Importer(815301076,1909f56bfc062723c751e8b465ee728b)
Start importing Assets/Scripts/Player using Guid(b26afe6ab47399d4ba0c97e01430eb21) Importer(815301076,1909f56bfc062723c751e8b465ee728b)  -> (artifact id: '69ba7c83577db3bd05d2a5e3ec8352ac') in 0.007288 seconds 
  Import took 0.014323 seconds .

========================================================================
Received Import Request.
  Time since last request: 7.547557 seconds.
  path: Assets/Scripts/Managers
  artifactKey: Guid(347ce5ccfd34ff44c82126b981df3f60) Importer(815301076,1909f56bfc062723c751e8b465ee728b)
Start importing Assets/Scripts/Managers using Guid(347ce5ccfd34ff44c82126b981df3f60) Importer(815301076,1909f56bfc062723c751e8b465ee728b)  -> (artifact id: '2130c6b984c0ae31a524c947e6760bf1') in 0.009718 seconds 
  Import took 0.016004 seconds .

========================================================================
Received Import Request.
  Time since last request: 16.538400 seconds.
  path: Assets/Scripts/Managers/SpacesManager.cs
  artifactKey: Guid(86e3df43604554646a9c1688b3a05cd1) Importer(815301076,1909f56bfc062723c751e8b465ee728b)
Start importing Assets/Scripts/Managers/SpacesManager.cs using Guid(86e3df43604554646a9c1688b3a05cd1) Importer(815301076,1909f56bfc062723c751e8b465ee728b)  -> (artifact id: 'af901411f3ccc35c7a108363b2f72d49') in 0.009219 seconds 
  Import took 0.032297 seconds .

========================================================================
Received Prepare
Registering precompiled user dll's ...
Registered in 0.006400 seconds.
Begin MonoManager ReloadAssembly
Native extension for WindowsStandalone target not found
Native extension for WebGL target not found
Refreshing native plugins compatible for Editor in 0.51 ms, found 2 plugins.
Preloading 0 native plugins for Editor in 0.00 ms.
Mono: successfully reloaded assembly
- Completed reload, in  1.280 seconds
Domain Reload Profiling:
	ReloadAssembly (1281ms)
		BeginReloadAssembly (189ms)
			ExecutionOrderSort (0ms)
			DisableScriptedObjects (7ms)
			BackupInstance (0ms)
			ReleaseScriptingObjects (0ms)
			CreateAndSetChildDomain (49ms)
		EndReloadAssembly (1032ms)
			LoadAssemblies (173ms)
			RebuildTransferFunctionScriptingTraits (0ms)
			SetupTypeCache (338ms)
			ReleaseScriptCaches (2ms)
			RebuildScriptCaches (50ms)
			SetupLoadedEditorAssemblies (357ms)
				LogAssemblyErrors (0ms)
				InitializePlatformSupportModulesInManaged (4ms)
				SetLoadedEditorAssemblies (0ms)
				RefreshPlugins (1ms)
				BeforeProcessingInitializeOnLoad (93ms)
				ProcessInitializeOnLoadAttributes (246ms)
				ProcessInitializeOnLoadMethodAttributes (10ms)
				AfterProcessingInitializeOnLoad (3ms)
				EditorAssembliesLoaded (0ms)
			ExecutionOrderSort2 (0ms)
			AwakeInstancesAfterBackupRestoration (22ms)
Platform modules already initialized, skipping
Refreshing native plugins compatible for Editor in 1.12 ms, found 2 plugins.
Preloading 0 native plugins for Editor in 0.00 ms.
Unloading 2701 Unused Serialized files (Serialized files now loaded: 0)
System memory in use before: 123.5 MB.
System memory in use after: 123.7 MB.

Unloading 12 unused Assets to reduce memory usage. Loaded Objects now: 3370.
Total: 3.197100 ms (FindLiveObjects: 0.236200 ms CreateObjectMapping: 0.133100 ms MarkObjects: 2.783100 ms  DeleteObjects: 0.044000 ms)

AssetImportParameters requested are different than current active one (requested -> active):
  custom:framework-win-MediaFoundation: 216162199b28c13a410421893ffa2e32 -> 
  custom:video-decoder-ogg-theora: a1e56fd34408186e4bbccfd4996cb3dc -> 
  custom:container-muxer-webm: aa71ff27fc2769a1b78a27578f13a17b -> 
  custom:container-demuxer-webm: 4f35f7cbe854078d1ac9338744f61a02 -> 
  custom:container-demuxer-ogg: 62fdf1f143b41e24485cea50d1cbac27 -> 
  custom:video-encoder-webm-vp8: eb34c28f22e8b96e1ab97ce403110664 -> 
  custom:video-decoder-webm-vp8: 9c59270c3fd7afecdb556c50c9e8de78 -> 
  custom:audio-decoder-ogg-vorbis: bf7c407c2cedff20999df2af8eb42d56 -> 
  custom:audio-encoder-webm-vorbis: bf7c407c2cedff20999df2af8eb42d56 -> 
========================================================================
Received Import Request.
  Time since last request: 32.608919 seconds.
  path: Assets/Scripts/Board
  artifactKey: Guid(c38cc71cc7e95f546a01ea093ba32687) Importer(815301076,1909f56bfc062723c751e8b465ee728b)
Start importing Assets/Scripts/Board using Guid(c38cc71cc7e95f546a01ea093ba32687) Importer(815301076,1909f56bfc062723c751e8b465ee728b)  -> (artifact id: '87002efe5fffae574ec1ab61adc4587e') in 0.013309 seconds 
  Import took 0.020601 seconds .

========================================================================
Received Import Request.
  Time since last request: 8.554837 seconds.
  path: Assets/Scripts/Board/Space.cs
  artifactKey: Guid(aa8fbfcf603107c48b2f064a3a9dfab0) Importer(815301076,1909f56bfc062723c751e8b465ee728b)
Start importing Assets/Scripts/Board/Space.cs using Guid(aa8fbfcf603107c48b2f064a3a9dfab0) Importer(815301076,1909f56bfc062723c751e8b465ee728b)  -> (artifact id: '35d94210799f1296006bc7d16567dc2c') in 0.020945 seconds 
  Import took 0.041079 seconds .

========================================================================
Received Prepare
Registering precompiled user dll's ...
Registered in 0.008597 seconds.
Begin MonoManager ReloadAssembly
Native extension for WindowsStandalone target not found
Native extension for WebGL target not found
Refreshing native plugins compatible for Editor in 0.77 ms, found 2 plugins.
Preloading 0 native plugins for Editor in 0.00 ms.
Mono: successfully reloaded assembly
- Completed reload, in  1.345 seconds
Domain Reload Profiling:
	ReloadAssembly (1346ms)
		BeginReloadAssembly (179ms)
			ExecutionOrderSort (0ms)
			DisableScriptedObjects (6ms)
			BackupInstance (0ms)
			ReleaseScriptingObjects (0ms)
			CreateAndSetChildDomain (41ms)
		EndReloadAssembly (1099ms)
			LoadAssemblies (175ms)
			RebuildTransferFunctionScriptingTraits (0ms)
			SetupTypeCache (384ms)
			ReleaseScriptCaches (2ms)
			RebuildScriptCaches (51ms)
			SetupLoadedEditorAssemblies (375ms)
				LogAssemblyErrors (0ms)
				InitializePlatformSupportModulesInManaged (5ms)
				SetLoadedEditorAssemblies (0ms)
				RefreshPlugins (1ms)
				BeforeProcessingInitializeOnLoad (100ms)
				ProcessInitializeOnLoadAttributes (253ms)
				ProcessInitializeOnLoadMethodAttributes (11ms)
				AfterProcessingInitializeOnLoad (4ms)
				EditorAssembliesLoaded (0ms)
			ExecutionOrderSort2 (0ms)
			AwakeInstancesAfterBackupRestoration (20ms)
Platform modules already initialized, skipping
Refreshing native plugins compatible for Editor in 0.63 ms, found 2 plugins.
Preloading 0 native plugins for Editor in 0.00 ms.
Unloading 2702 Unused Serialized files (Serialized files now loaded: 0)
System memory in use before: 123.5 MB.
System memory in use after: 123.8 MB.

Unloading 12 unused Assets to reduce memory usage. Loaded Objects now: 3373.
Total: 4.158000 ms (FindLiveObjects: 0.246400 ms CreateObjectMapping: 0.122800 ms MarkObjects: 3.750700 ms  DeleteObjects: 0.037100 ms)

AssetImportParameters requested are different than current active one (requested -> active):
  custom:framework-win-MediaFoundation: 216162199b28c13a410421893ffa2e32 -> 
  custom:video-decoder-ogg-theora: a1e56fd34408186e4bbccfd4996cb3dc -> 
  custom:container-muxer-webm: aa71ff27fc2769a1b78a27578f13a17b -> 
  custom:container-demuxer-webm: 4f35f7cbe854078d1ac9338744f61a02 -> 
  custom:container-demuxer-ogg: 62fdf1f143b41e24485cea50d1cbac27 -> 
  custom:video-encoder-webm-vp8: eb34c28f22e8b96e1ab97ce403110664 -> 
  custom:video-decoder-webm-vp8: 9c59270c3fd7afecdb556c50c9e8de78 -> 
  custom:audio-decoder-ogg-vorbis: bf7c407c2cedff20999df2af8eb42d56 -> 
  custom:audio-encoder-webm-vorbis: bf7c407c2cedff20999df2af8eb42d56 -> 
========================================================================
Received Import Request.
  Time since last request: 12.957818 seconds.
  path: Assets/Scripts/Board/BoardSpace.cs
  artifactKey: Guid(aa8fbfcf603107c48b2f064a3a9dfab0) Importer(815301076,1909f56bfc062723c751e8b465ee728b)
Start importing Assets/Scripts/Board/BoardSpace.cs using Guid(aa8fbfcf603107c48b2f064a3a9dfab0) Importer(815301076,1909f56bfc062723c751e8b465ee728b)  -> (artifact id: '94ed5e5b18201b5181d0e311aa07de6a') in 0.016650 seconds 
  Import took 0.024144 seconds .

========================================================================
Received Prepare
Registering precompiled user dll's ...
Registered in 0.006299 seconds.
Begin MonoManager ReloadAssembly
Native extension for WindowsStandalone target not found
Native extension for WebGL target not found
Refreshing native plugins compatible for Editor in 0.73 ms, found 2 plugins.
Preloading 0 native plugins for Editor in 0.00 ms.
Mono: successfully reloaded assembly
- Completed reload, in  1.452 seconds
Domain Reload Profiling:
	ReloadAssembly (1453ms)
		BeginReloadAssembly (213ms)
			ExecutionOrderSort (0ms)
			DisableScriptedObjects (5ms)
			BackupInstance (0ms)
			ReleaseScriptingObjects (0ms)
			CreateAndSetChildDomain (60ms)
		EndReloadAssembly (1167ms)
			LoadAssemblies (193ms)
			RebuildTransferFunctionScriptingTraits (0ms)
			SetupTypeCache (398ms)
			ReleaseScriptCaches (2ms)
			RebuildScriptCaches (53ms)
			SetupLoadedEditorAssemblies (419ms)
				LogAssemblyErrors (0ms)
				InitializePlatformSupportModulesInManaged (6ms)
				SetLoadedEditorAssemblies (1ms)
				RefreshPlugins (1ms)
				BeforeProcessingInitializeOnLoad (108ms)
				ProcessInitializeOnLoadAttributes (290ms)
				ProcessInitializeOnLoadMethodAttributes (11ms)
				AfterProcessingInitializeOnLoad (3ms)
				EditorAssembliesLoaded (0ms)
			ExecutionOrderSort2 (0ms)
			AwakeInstancesAfterBackupRestoration (17ms)
Platform modules already initialized, skipping
Refreshing native plugins compatible for Editor in 0.57 ms, found 2 plugins.
Preloading 0 native plugins for Editor in 0.00 ms.
Unloading 2702 Unused Serialized files (Serialized files now loaded: 0)
System memory in use before: 123.6 MB.
System memory in use after: 123.8 MB.

Unloading 12 unused Assets to reduce memory usage. Loaded Objects now: 3375.
Total: 4.265200 ms (FindLiveObjects: 0.337800 ms CreateObjectMapping: 0.153700 ms MarkObjects: 3.709900 ms  DeleteObjects: 0.062200 ms)

AssetImportParameters requested are different than current active one (requested -> active):
  custom:framework-win-MediaFoundation: 216162199b28c13a410421893ffa2e32 -> 
  custom:video-decoder-ogg-theora: a1e56fd34408186e4bbccfd4996cb3dc -> 
  custom:container-muxer-webm: aa71ff27fc2769a1b78a27578f13a17b -> 
  custom:container-demuxer-webm: 4f35f7cbe854078d1ac9338744f61a02 -> 
  custom:container-demuxer-ogg: 62fdf1f143b41e24485cea50d1cbac27 -> 
  custom:video-encoder-webm-vp8: eb34c28f22e8b96e1ab97ce403110664 -> 
  custom:video-decoder-webm-vp8: 9c59270c3fd7afecdb556c50c9e8de78 -> 
  custom:audio-decoder-ogg-vorbis: bf7c407c2cedff20999df2af8eb42d56 -> 
  custom:audio-encoder-webm-vorbis: bf7c407c2cedff20999df2af8eb42d56 -> 
========================================================================
Received Prepare
Registering precompiled user dll's ...
Registered in 0.006003 seconds.
Begin MonoManager ReloadAssembly
Native extension for WindowsStandalone target not found
Native extension for WebGL target not found
Refreshing native plugins compatible for Editor in 0.56 ms, found 2 plugins.
Preloading 0 native plugins for Editor in 0.00 ms.
Mono: successfully reloaded assembly
- Completed reload, in  1.272 seconds
Domain Reload Profiling:
	ReloadAssembly (1273ms)
		BeginReloadAssembly (180ms)
			ExecutionOrderSort (0ms)
			DisableScriptedObjects (6ms)
			BackupInstance (0ms)
			ReleaseScriptingObjects (0ms)
			CreateAndSetChildDomain (43ms)
		EndReloadAssembly (1027ms)
			LoadAssemblies (173ms)
			RebuildTransferFunctionScriptingTraits (0ms)
			SetupTypeCache (341ms)
			ReleaseScriptCaches (2ms)
			RebuildScriptCaches (49ms)
			SetupLoadedEditorAssemblies (350ms)
				LogAssemblyErrors (0ms)
				InitializePlatformSupportModulesInManaged (5ms)
				SetLoadedEditorAssemblies (1ms)
				RefreshPlugins (1ms)
				BeforeProcessingInitializeOnLoad (93ms)
				ProcessInitializeOnLoadAttributes (239ms)
				ProcessInitializeOnLoadMethodAttributes (9ms)
				AfterProcessingInitializeOnLoad (3ms)
				EditorAssembliesLoaded (0ms)
			ExecutionOrderSort2 (0ms)
			AwakeInstancesAfterBackupRestoration (19ms)
Platform modules already initialized, skipping
Refreshing native plugins compatible for Editor in 0.51 ms, found 2 plugins.
Preloading 0 native plugins for Editor in 0.00 ms.
Unloading 2702 Unused Serialized files (Serialized files now loaded: 0)
System memory in use before: 123.6 MB.
System memory in use after: 123.8 MB.

Unloading 12 unused Assets to reduce memory usage. Loaded Objects now: 3377.
Total: 4.667400 ms (FindLiveObjects: 0.227100 ms CreateObjectMapping: 0.133900 ms MarkObjects: 4.281900 ms  DeleteObjects: 0.023500 ms)

AssetImportParameters requested are different than current active one (requested -> active):
  custom:framework-win-MediaFoundation: 216162199b28c13a410421893ffa2e32 -> 
  custom:video-decoder-ogg-theora: a1e56fd34408186e4bbccfd4996cb3dc -> 
  custom:container-muxer-webm: aa71ff27fc2769a1b78a27578f13a17b -> 
  custom:container-demuxer-webm: 4f35f7cbe854078d1ac9338744f61a02 -> 
  custom:container-demuxer-ogg: 62fdf1f143b41e24485cea50d1cbac27 -> 
  custom:video-encoder-webm-vp8: eb34c28f22e8b96e1ab97ce403110664 -> 
  custom:video-decoder-webm-vp8: 9c59270c3fd7afecdb556c50c9e8de78 -> 
  custom:audio-decoder-ogg-vorbis: bf7c407c2cedff20999df2af8eb42d56 -> 
  custom:audio-encoder-webm-vorbis: bf7c407c2cedff20999df2af8eb42d56 -> 
========================================================================
Received Import Request.
  Time since last request: 16.590873 seconds.
  path: Assets/Scripts/Board/BoardSpace.cs
  artifactKey: Guid(aa8fbfcf603107c48b2f064a3a9dfab0) Importer(815301076,1909f56bfc062723c751e8b465ee728b)
Start importing Assets/Scripts/Board/BoardSpace.cs using Guid(aa8fbfcf603107c48b2f064a3a9dfab0) Importer(815301076,1909f56bfc062723c751e8b465ee728b)  -> (artifact id: '201ab75986e7bbd9337abbfef74e0326') in 0.009535 seconds 
  Import took 0.015372 seconds .

========================================================================
Received Prepare
Registering precompiled user dll's ...
Registered in 0.006612 seconds.
Begin MonoManager ReloadAssembly
Native extension for WindowsStandalone target not found
Native extension for WebGL target not found
Refreshing native plugins compatible for Editor in 0.74 ms, found 2 plugins.
Preloading 0 native plugins for Editor in 0.00 ms.
Mono: successfully reloaded assembly
- Completed reload, in  1.361 seconds
Domain Reload Profiling:
	ReloadAssembly (1362ms)
		BeginReloadAssembly (180ms)
			ExecutionOrderSort (0ms)
			DisableScriptedObjects (9ms)
			BackupInstance (0ms)
			ReleaseScriptingObjects (0ms)
			CreateAndSetChildDomain (41ms)
		EndReloadAssembly (1116ms)
			LoadAssemblies (170ms)
			RebuildTransferFunctionScriptingTraits (0ms)
			SetupTypeCache (349ms)
			ReleaseScriptCaches (2ms)
			RebuildScriptCaches (53ms)
			SetupLoadedEditorAssemblies (387ms)
				LogAssemblyErrors (0ms)
				InitializePlatformSupportModulesInManaged (5ms)
				SetLoadedEditorAssemblies (1ms)
				RefreshPlugins (1ms)
				BeforeProcessingInitializeOnLoad (109ms)
				ProcessInitializeOnLoadAttributes (258ms)
				ProcessInitializeOnLoadMethodAttributes (11ms)
				AfterProcessingInitializeOnLoad (3ms)
				EditorAssembliesLoaded (0ms)
			ExecutionOrderSort2 (0ms)
			AwakeInstancesAfterBackupRestoration (19ms)
Platform modules already initialized, skipping
Refreshing native plugins compatible for Editor in 0.95 ms, found 2 plugins.
Preloading 0 native plugins for Editor in 0.00 ms.
Unloading 2702 Unused Serialized files (Serialized files now loaded: 0)
System memory in use before: 123.6 MB.
System memory in use after: 123.8 MB.

Unloading 12 unused Assets to reduce memory usage. Loaded Objects now: 3379.
Total: 3.833300 ms (FindLiveObjects: 0.250900 ms CreateObjectMapping: 0.126800 ms MarkObjects: 3.407300 ms  DeleteObjects: 0.047200 ms)

AssetImportParameters requested are different than current active one (requested -> active):
  custom:framework-win-MediaFoundation: 216162199b28c13a410421893ffa2e32 -> 
  custom:video-decoder-ogg-theora: a1e56fd34408186e4bbccfd4996cb3dc -> 
  custom:container-muxer-webm: aa71ff27fc2769a1b78a27578f13a17b -> 
  custom:container-demuxer-webm: 4f35f7cbe854078d1ac9338744f61a02 -> 
  custom:container-demuxer-ogg: 62fdf1f143b41e24485cea50d1cbac27 -> 
  custom:video-encoder-webm-vp8: eb34c28f22e8b96e1ab97ce403110664 -> 
  custom:video-decoder-webm-vp8: 9c59270c3fd7afecdb556c50c9e8de78 -> 
  custom:audio-decoder-ogg-vorbis: bf7c407c2cedff20999df2af8eb42d56 -> 
  custom:audio-encoder-webm-vorbis: bf7c407c2cedff20999df2af8eb42d56 -> 
========================================================================
Received Import Request.
  Time since last request: 267.456842 seconds.
  path: Assets/Scripts/Board/BoardSpace.cs
  artifactKey: Guid(aa8fbfcf603107c48b2f064a3a9dfab0) Importer(815301076,1909f56bfc062723c751e8b465ee728b)
Start importing Assets/Scripts/Board/BoardSpace.cs using Guid(aa8fbfcf603107c48b2f064a3a9dfab0) Importer(815301076,1909f56bfc062723c751e8b465ee728b)  -> (artifact id: '8b32cdfcca1c9fbad788443199f212e7') in 0.009564 seconds 
  Import took 0.102764 seconds .

========================================================================
Received Prepare
Registering precompiled user dll's ...
Registered in 0.007158 seconds.
Begin MonoManager ReloadAssembly
Native extension for WindowsStandalone target not found
Native extension for WebGL target not found
Refreshing native plugins compatible for Editor in 0.63 ms, found 2 plugins.
Preloading 0 native plugins for Editor in 0.00 ms.
Mono: successfully reloaded assembly
- Completed reload, in  1.352 seconds
Domain Reload Profiling:
	ReloadAssembly (1353ms)
		BeginReloadAssembly (175ms)
			ExecutionOrderSort (0ms)
			DisableScriptedObjects (8ms)
			BackupInstance (0ms)
			ReleaseScriptingObjects (0ms)
			CreateAndSetChildDomain (41ms)
		EndReloadAssembly (1107ms)
			LoadAssemblies (165ms)
			RebuildTransferFunctionScriptingTraits (0ms)
			SetupTypeCache (349ms)
			ReleaseScriptCaches (2ms)
			RebuildScriptCaches (51ms)
			SetupLoadedEditorAssemblies (433ms)
				LogAssemblyErrors (0ms)
				InitializePlatformSupportModulesInManaged (5ms)
				SetLoadedEditorAssemblies (1ms)
				RefreshPlugins (1ms)
				BeforeProcessingInitializeOnLoad (105ms)
				ProcessInitializeOnLoadAttributes (308ms)
				ProcessInitializeOnLoadMethodAttributes (11ms)
				AfterProcessingInitializeOnLoad (3ms)
				EditorAssembliesLoaded (0ms)
			ExecutionOrderSort2 (0ms)
			AwakeInstancesAfterBackupRestoration (17ms)
Platform modules already initialized, skipping
Refreshing native plugins compatible for Editor in 0.57 ms, found 2 plugins.
Preloading 0 native plugins for Editor in 0.00 ms.
Unloading 2702 Unused Serialized files (Serialized files now loaded: 0)
System memory in use before: 123.6 MB.
System memory in use after: 123.8 MB.

Unloading 12 unused Assets to reduce memory usage. Loaded Objects now: 3381.
Total: 4.230800 ms (FindLiveObjects: 0.212900 ms CreateObjectMapping: 0.129300 ms MarkObjects: 3.866500 ms  DeleteObjects: 0.021200 ms)

AssetImportParameters requested are different than current active one (requested -> active):
  custom:framework-win-MediaFoundation: 216162199b28c13a410421893ffa2e32 -> 
  custom:video-decoder-ogg-theora: a1e56fd34408186e4bbccfd4996cb3dc -> 
  custom:container-muxer-webm: aa71ff27fc2769a1b78a27578f13a17b -> 
  custom:container-demuxer-webm: 4f35f7cbe854078d1ac9338744f61a02 -> 
  custom:container-demuxer-ogg: 62fdf1f143b41e24485cea50d1cbac27 -> 
  custom:video-encoder-webm-vp8: eb34c28f22e8b96e1ab97ce403110664 -> 
  custom:video-decoder-webm-vp8: 9c59270c3fd7afecdb556c50c9e8de78 -> 
  custom:audio-decoder-ogg-vorbis: bf7c407c2cedff20999df2af8eb42d56 -> 
  custom:audio-encoder-webm-vorbis: bf7c407c2cedff20999df2af8eb42d56 -> 
========================================================================
Received Prepare
Registering precompiled user dll's ...
Registered in 0.008811 seconds.
Begin MonoManager ReloadAssembly
Native extension for WindowsStandalone target not found
Native extension for WebGL target not found
Refreshing native plugins compatible for Editor in 0.50 ms, found 2 plugins.
Preloading 0 native plugins for Editor in 0.00 ms.
Mono: successfully reloaded assembly
- Completed reload, in  1.311 seconds
Domain Reload Profiling:
	ReloadAssembly (1311ms)
		BeginReloadAssembly (174ms)
			ExecutionOrderSort (0ms)
			DisableScriptedObjects (7ms)
			BackupInstance (0ms)
			ReleaseScriptingObjects (0ms)
			CreateAndSetChildDomain (41ms)
		EndReloadAssembly (1069ms)
			LoadAssemblies (168ms)
			RebuildTransferFunctionScriptingTraits (0ms)
			SetupTypeCache (350ms)
			ReleaseScriptCaches (1ms)
			RebuildScriptCaches (54ms)
			SetupLoadedEditorAssemblies (365ms)
				LogAssemblyErrors (0ms)
				InitializePlatformSupportModulesInManaged (5ms)
				SetLoadedEditorAssemblies (1ms)
				RefreshPlugins (1ms)
				BeforeProcessingInitializeOnLoad (95ms)
				ProcessInitializeOnLoadAttributes (249ms)
				ProcessInitializeOnLoadMethodAttributes (12ms)
				AfterProcessingInitializeOnLoad (3ms)
				EditorAssembliesLoaded (0ms)
			ExecutionOrderSort2 (0ms)
			AwakeInstancesAfterBackupRestoration (20ms)
Platform modules already initialized, skipping
Refreshing native plugins compatible for Editor in 0.57 ms, found 2 plugins.
Preloading 0 native plugins for Editor in 0.00 ms.
Unloading 2702 Unused Serialized files (Serialized files now loaded: 0)
System memory in use before: 123.6 MB.
System memory in use after: 123.8 MB.

Unloading 12 unused Assets to reduce memory usage. Loaded Objects now: 3383.
Total: 3.388800 ms (FindLiveObjects: 0.256500 ms CreateObjectMapping: 0.142700 ms MarkObjects: 2.964700 ms  DeleteObjects: 0.024100 ms)

AssetImportParameters requested are different than current active one (requested -> active):
  custom:framework-win-MediaFoundation: 216162199b28c13a410421893ffa2e32 -> 
  custom:video-decoder-ogg-theora: a1e56fd34408186e4bbccfd4996cb3dc -> 
  custom:container-muxer-webm: aa71ff27fc2769a1b78a27578f13a17b -> 
  custom:container-demuxer-webm: 4f35f7cbe854078d1ac9338744f61a02 -> 
  custom:container-demuxer-ogg: 62fdf1f143b41e24485cea50d1cbac27 -> 
  custom:video-encoder-webm-vp8: eb34c28f22e8b96e1ab97ce403110664 -> 
  custom:video-decoder-webm-vp8: 9c59270c3fd7afecdb556c50c9e8de78 -> 
  custom:audio-decoder-ogg-vorbis: bf7c407c2cedff20999df2af8eb42d56 -> 
  custom:audio-encoder-webm-vorbis: bf7c407c2cedff20999df2af8eb42d56 -> 
========================================================================
Received Prepare
Registering precompiled user dll's ...
Registered in 0.007818 seconds.
Begin MonoManager ReloadAssembly
Native extension for WindowsStandalone target not found
Native extension for WebGL target not found
Refreshing native plugins compatible for Editor in 0.50 ms, found 2 plugins.
Preloading 0 native plugins for Editor in 0.00 ms.
Mono: successfully reloaded assembly
- Completed reload, in  1.312 seconds
Domain Reload Profiling:
	ReloadAssembly (1312ms)
		BeginReloadAssembly (179ms)
			ExecutionOrderSort (0ms)
			DisableScriptedObjects (5ms)
			BackupInstance (0ms)
			ReleaseScriptingObjects (0ms)
			CreateAndSetChildDomain (38ms)
		EndReloadAssembly (1065ms)
			LoadAssemblies (174ms)
			RebuildTransferFunctionScriptingTraits (0ms)
			SetupTypeCache (360ms)
			ReleaseScriptCaches (1ms)
			RebuildScriptCaches (49ms)
			SetupLoadedEditorAssemblies (361ms)
				LogAssemblyErrors (0ms)
				InitializePlatformSupportModulesInManaged (4ms)
				SetLoadedEditorAssemblies (1ms)
				RefreshPlugins (1ms)
				BeforeProcessingInitializeOnLoad (99ms)
				ProcessInitializeOnLoadAttributes (240ms)
				ProcessInitializeOnLoadMethodAttributes (12ms)
				AfterProcessingInitializeOnLoad (4ms)
				EditorAssembliesLoaded (0ms)
			ExecutionOrderSort2 (0ms)
			AwakeInstancesAfterBackupRestoration (21ms)
Platform modules already initialized, skipping
Refreshing native plugins compatible for Editor in 0.52 ms, found 2 plugins.
Preloading 0 native plugins for Editor in 0.00 ms.
Unloading 2702 Unused Serialized files (Serialized files now loaded: 0)
System memory in use before: 123.6 MB.
System memory in use after: 123.8 MB.

Unloading 12 unused Assets to reduce memory usage. Loaded Objects now: 3385.
Total: 3.892200 ms (FindLiveObjects: 0.241500 ms CreateObjectMapping: 0.129500 ms MarkObjects: 3.481200 ms  DeleteObjects: 0.039100 ms)

AssetImportParameters requested are different than current active one (requested -> active):
  custom:framework-win-MediaFoundation: 216162199b28c13a410421893ffa2e32 -> 
  custom:video-decoder-ogg-theora: a1e56fd34408186e4bbccfd4996cb3dc -> 
  custom:container-muxer-webm: aa71ff27fc2769a1b78a27578f13a17b -> 
  custom:container-demuxer-webm: 4f35f7cbe854078d1ac9338744f61a02 -> 
  custom:container-demuxer-ogg: 62fdf1f143b41e24485cea50d1cbac27 -> 
  custom:video-encoder-webm-vp8: eb34c28f22e8b96e1ab97ce403110664 -> 
  custom:video-decoder-webm-vp8: 9c59270c3fd7afecdb556c50c9e8de78 -> 
  custom:audio-decoder-ogg-vorbis: bf7c407c2cedff20999df2af8eb42d56 -> 
  custom:audio-encoder-webm-vorbis: bf7c407c2cedff20999df2af8eb42d56 -> 
========================================================================
Received Import Request.
  Time since last request: 462.699115 seconds.
  path: Assets/Scripts/Player/PlayerMovement.cs
  artifactKey: Guid(785cf3af5a8e6654e8c04db522bbc5f6) Importer(815301076,1909f56bfc062723c751e8b465ee728b)
Start importing Assets/Scripts/Player/PlayerMovement.cs using Guid(785cf3af5a8e6654e8c04db522bbc5f6) Importer(815301076,1909f56bfc062723c751e8b465ee728b)  -> (artifact id: '34a61c74b8285cddd9b3a95f57950b1c') in 0.015183 seconds 
  Import took 0.041800 seconds .

========================================================================
Received Prepare
Registering precompiled user dll's ...
Registered in 0.010692 seconds.
Begin MonoManager ReloadAssembly
Native extension for WindowsStandalone target not found
Native extension for WebGL target not found
Refreshing native plugins compatible for Editor in 0.72 ms, found 2 plugins.
Preloading 0 native plugins for Editor in 0.00 ms.
Mono: successfully reloaded assembly
- Completed reload, in  1.354 seconds
Domain Reload Profiling:
	ReloadAssembly (1355ms)
		BeginReloadAssembly (183ms)
			ExecutionOrderSort (0ms)
			DisableScriptedObjects (6ms)
			BackupInstance (0ms)
			ReleaseScriptingObjects (0ms)
			CreateAndSetChildDomain (44ms)
		EndReloadAssembly (1107ms)
			LoadAssemblies (178ms)
			RebuildTransferFunctionScriptingTraits (0ms)
			SetupTypeCache (381ms)
			ReleaseScriptCaches (1ms)
			RebuildScriptCaches (52ms)
			SetupLoadedEditorAssemblies (383ms)
				LogAssemblyErrors (0ms)
				InitializePlatformSupportModulesInManaged (6ms)
				SetLoadedEditorAssemblies (1ms)
				RefreshPlugins (1ms)
				BeforeProcessingInitializeOnLoad (99ms)
				ProcessInitializeOnLoadAttributes (260ms)
				ProcessInitializeOnLoadMethodAttributes (12ms)
				AfterProcessingInitializeOnLoad (4ms)
				EditorAssembliesLoaded (0ms)
			ExecutionOrderSort2 (0ms)
			AwakeInstancesAfterBackupRestoration (19ms)
Platform modules already initialized, skipping
Refreshing native plugins compatible for Editor in 0.77 ms, found 2 plugins.
Preloading 0 native plugins for Editor in 0.00 ms.
Unloading 2703 Unused Serialized files (Serialized files now loaded: 0)
System memory in use before: 123.6 MB.
System memory in use after: 123.8 MB.

Unloading 12 unused Assets to reduce memory usage. Loaded Objects now: 3388.
Total: 3.908800 ms (FindLiveObjects: 0.289900 ms CreateObjectMapping: 0.117900 ms MarkObjects: 3.462400 ms  DeleteObjects: 0.037700 ms)

AssetImportParameters requested are different than current active one (requested -> active):
  custom:framework-win-MediaFoundation: 216162199b28c13a410421893ffa2e32 -> 
  custom:video-decoder-ogg-theora: a1e56fd34408186e4bbccfd4996cb3dc -> 
  custom:container-muxer-webm: aa71ff27fc2769a1b78a27578f13a17b -> 
  custom:container-demuxer-webm: 4f35f7cbe854078d1ac9338744f61a02 -> 
  custom:container-demuxer-ogg: 62fdf1f143b41e24485cea50d1cbac27 -> 
  custom:video-encoder-webm-vp8: eb34c28f22e8b96e1ab97ce403110664 -> 
  custom:video-decoder-webm-vp8: 9c59270c3fd7afecdb556c50c9e8de78 -> 
  custom:audio-decoder-ogg-vorbis: bf7c407c2cedff20999df2af8eb42d56 -> 
  custom:audio-encoder-webm-vorbis: bf7c407c2cedff20999df2af8eb42d56 -> 
========================================================================
Received Import Request.
  Time since last request: 404.559571 seconds.
  path: Assets/Scripts/Player/PlayerMovement.cs
  artifactKey: Guid(785cf3af5a8e6654e8c04db522bbc5f6) Importer(815301076,1909f56bfc062723c751e8b465ee728b)
Start importing Assets/Scripts/Player/PlayerMovement.cs using Guid(785cf3af5a8e6654e8c04db522bbc5f6) Importer(815301076,1909f56bfc062723c751e8b465ee728b)  -> (artifact id: '790e1d9a5f7901ca3c5868661b7e4c32') in 0.010518 seconds 
  Import took 0.015280 seconds .

AssetImportWorkerClient::OnTransportError - code=2 error=End of file
