Using pre-set license
Built from '2020.3/staging' branch; Version is '2020.3.29f1 (2ff179115da0) revision 3142009'; Using compiler version '192528614'; Build Type 'Release'
OS: 'Windows 10  (10.0.19043) 64bit Core' Language: 'nl' Physical Memory: 16226 MB
BatchMode: 1, IsHumanControllingUs: 0, StartBugReporterOnCrash: 0, Is64bit: 1, IsPro: 0

COMMAND LINE ARGUMENTS:
D:\1_programs\composed\unity\2020.3.29f1\Editor\Unity.exe
-adb2
-batchMode
-noUpm
-name
AssetImportWorker0
-projectPath
D:/1_work/Mediacollege/exams/ProefProeve/Tour-de-Holland/Tour de Holland
-logFile
Logs/AssetImportWorker0.log
-srvPort
57777
Successfully changed project path to: D:/1_work/Mediacollege/exams/ProefProeve/Tour-de-Holland/Tour de Holland
D:/1_work/Mediacollege/exams/ProefProeve/Tour-de-Holland/Tour de Holland
Using Asset Import Pipeline V2.
Refreshing native plugins compatible for Editor in 47.17 ms, found 2 plugins.
Preloading 0 native plugins for Editor in 0.00 ms.
Initialize engine version: 2020.3.29f1 (2ff179115da0)
[Subsystems] Discovering subsystems at path D:/1_programs/composed/unity/2020.3.29f1/Editor/Data/Resources/UnitySubsystems
[Subsystems] Discovering subsystems at path D:/1_work/Mediacollege/exams/ProefProeve/Tour-de-Holland/Tour de Holland/Assets
GfxDevice: creating device client; threaded=0
Direct3D:
    Version:  Direct3D 11.0 [level 11.1]
    Renderer: NVIDIA GeForce GTX 1060 (ID=0x1c20)
    Vendor:   
    VRAM:     6052 MB
    Driver:   27.21.14.5206
Initialize mono
Mono path[0] = 'D:/1_programs/composed/unity/2020.3.29f1/Editor/Data/Managed'
Mono path[1] = 'D:/1_programs/composed/unity/2020.3.29f1/Editor/Data/MonoBleedingEdge/lib/mono/unityjit'
Mono config path = 'D:/1_programs/composed/unity/2020.3.29f1/Editor/Data/MonoBleedingEdge/etc'
Using monoOptions --debugger-agent=transport=dt_socket,embedding=1,server=y,suspend=n,address=127.0.0.1:56712
Begin MonoManager ReloadAssembly
Registering precompiled unity dll's ...
Register platform support module: D:/1_programs/composed/unity/2020.3.29f1/Editor/Data/PlaybackEngines/WebGLSupport/UnityEditor.WebGL.Extensions.dll
Register platform support module: D:/1_programs/composed/unity/2020.3.29f1/Editor/Data/PlaybackEngines/WindowsStandaloneSupport/UnityEditor.WindowsStandalone.Extensions.dll
Registered in 0.001258 seconds.
Native extension for WindowsStandalone target not found
Native extension for WebGL target not found
Refreshing native plugins compatible for Editor in 50.03 ms, found 2 plugins.
Preloading 0 native plugins for Editor in 0.00 ms.
Mono: successfully reloaded assembly
- Completed reload, in  0.549 seconds
Domain Reload Profiling:
	ReloadAssembly (549ms)
		BeginReloadAssembly (54ms)
			ExecutionOrderSort (0ms)
			DisableScriptedObjects (0ms)
			BackupInstance (0ms)
			ReleaseScriptingObjects (0ms)
			CreateAndSetChildDomain (1ms)
		EndReloadAssembly (434ms)
			LoadAssemblies (54ms)
			RebuildTransferFunctionScriptingTraits (0ms)
			SetupTypeCache (145ms)
			ReleaseScriptCaches (0ms)
			RebuildScriptCaches (29ms)
			SetupLoadedEditorAssemblies (172ms)
				LogAssemblyErrors (0ms)
				InitializePlatformSupportModulesInManaged (5ms)
				SetLoadedEditorAssemblies (0ms)
				RefreshPlugins (50ms)
				BeforeProcessingInitializeOnLoad (16ms)
				ProcessInitializeOnLoadAttributes (75ms)
				ProcessInitializeOnLoadMethodAttributes (25ms)
				AfterProcessingInitializeOnLoad (0ms)
				EditorAssembliesLoaded (0ms)
			ExecutionOrderSort2 (0ms)
			AwakeInstancesAfterBackupRestoration (0ms)
Platform modules already initialized, skipping
Registering precompiled user dll's ...
Registered in 0.002655 seconds.
Begin MonoManager ReloadAssembly
Native extension for WindowsStandalone target not found
Native extension for WebGL target not found
Refreshing native plugins compatible for Editor in 48.62 ms, found 2 plugins.
Preloading 0 native plugins for Editor in 0.00 ms.
Mono: successfully reloaded assembly
- Completed reload, in  1.013 seconds
Domain Reload Profiling:
	ReloadAssembly (1013ms)
		BeginReloadAssembly (136ms)
			ExecutionOrderSort (0ms)
			DisableScriptedObjects (4ms)
			BackupInstance (0ms)
			ReleaseScriptingObjects (0ms)
			CreateAndSetChildDomain (18ms)
		EndReloadAssembly (827ms)
			LoadAssemblies (85ms)
			RebuildTransferFunctionScriptingTraits (0ms)
			SetupTypeCache (280ms)
			ReleaseScriptCaches (0ms)
			RebuildScriptCaches (45ms)
			SetupLoadedEditorAssemblies (316ms)
				LogAssemblyErrors (0ms)
				InitializePlatformSupportModulesInManaged (4ms)
				SetLoadedEditorAssemblies (0ms)
				RefreshPlugins (49ms)
				BeforeProcessingInitializeOnLoad (76ms)
				ProcessInitializeOnLoadAttributes (177ms)
				ProcessInitializeOnLoadMethodAttributes (8ms)
				AfterProcessingInitializeOnLoad (2ms)
				EditorAssembliesLoaded (0ms)
			ExecutionOrderSort2 (0ms)
			AwakeInstancesAfterBackupRestoration (6ms)
Platform modules already initialized, skipping
========================================================================
Worker process is ready to serve import requests
Launched and connected shader compiler UnityShaderCompiler.exe after 0.07 seconds
Refreshing native plugins compatible for Editor in 0.45 ms, found 2 plugins.
Preloading 0 native plugins for Editor in 0.00 ms.
Unloading 2820 Unused Serialized files (Serialized files now loaded: 0)
System memory in use before: 126.6 MB.
System memory in use after: 126.8 MB.

Unloading 17 unused Assets to reduce memory usage. Loaded Objects now: 3257.
Total: 3.214400 ms (FindLiveObjects: 0.214900 ms CreateObjectMapping: 0.118700 ms MarkObjects: 2.817300 ms  DeleteObjects: 0.062800 ms)

AssetImportParameters requested are different than current active one (requested -> active):
  custom:framework-win-MediaFoundation: 216162199b28c13a410421893ffa2e32 -> 
  custom:video-decoder-ogg-theora: a1e56fd34408186e4bbccfd4996cb3dc -> 
  custom:container-muxer-webm: aa71ff27fc2769a1b78a27578f13a17b -> 
  custom:container-demuxer-webm: 4f35f7cbe854078d1ac9338744f61a02 -> 
  custom:container-demuxer-ogg: 62fdf1f143b41e24485cea50d1cbac27 -> 
  custom:video-encoder-webm-vp8: eb34c28f22e8b96e1ab97ce403110664 -> 
  custom:video-decoder-webm-vp8: 9c59270c3fd7afecdb556c50c9e8de78 -> 
  custom:audio-decoder-ogg-vorbis: bf7c407c2cedff20999df2af8eb42d56 -> 
  custom:audio-encoder-webm-vorbis: bf7c407c2cedff20999df2af8eb42d56 -> 
========================================================================
Received Import Request.
  path: Assets/Scenes/Art_testscene.unity
  artifactKey: Guid(8fafc5b7ae6a89b4d9611c3a6108b074) Importer(815301076,1909f56bfc062723c751e8b465ee728b)
Start importing Assets/Scenes/Art_testscene.unity using Guid(8fafc5b7ae6a89b4d9611c3a6108b074) Importer(815301076,1909f56bfc062723c751e8b465ee728b)  -> (artifact id: '28c308cfaa65758853d00d5fc094db59') in 0.014466 seconds 
  Import took 0.018362 seconds .

========================================================================
Received Import Request.
  Time since last request: 54.294967 seconds.
  path: Assets/Prefabs/Blockout/MDL_blockout_domtoren.fbx
  artifactKey: Guid(5cfcd7d86e0b45048924bb613ec6fee0) Importer(815301076,1909f56bfc062723c751e8b465ee728b)
Start importing Assets/Prefabs/Blockout/MDL_blockout_domtoren.fbx using Guid(5cfcd7d86e0b45048924bb613ec6fee0) Importer(815301076,1909f56bfc062723c751e8b465ee728b)  -> (artifact id: 'cf614fcc6e86ab847525536df97b3427') in 0.500858 seconds 
  Import took 0.505042 seconds .

========================================================================
Received Import Request.
  Time since last request: 2.170575 seconds.
  path: Assets/Prefabs/Blockout/MDL_blockout_muiderslot.fbx
  artifactKey: Guid(4e0b799dba4cb2141b25ecd72557653c) Importer(815301076,1909f56bfc062723c751e8b465ee728b)
Start importing Assets/Prefabs/Blockout/MDL_blockout_muiderslot.fbx using Guid(4e0b799dba4cb2141b25ecd72557653c) Importer(815301076,1909f56bfc062723c751e8b465ee728b)  -> (artifact id: '7a55a161160ccea52d43ab890deae937') in 0.018003 seconds 
  Import took 0.022493 seconds .

========================================================================
Received Import Request.
  Time since last request: 7.373384 seconds.
  path: Assets/Prefabs/Blockout/Boat.prefab
  artifactKey: Guid(7e0a87570c6e2de438b1cb54f7498d8f) Importer(815301076,1909f56bfc062723c751e8b465ee728b)
Start importing Assets/Prefabs/Blockout/Boat.prefab using Guid(7e0a87570c6e2de438b1cb54f7498d8f) Importer(815301076,1909f56bfc062723c751e8b465ee728b)  -> (artifact id: 'bb271e4518d4907efe79c6cb1dc11d06') in 0.017585 seconds 
  Import took 0.021797 seconds .

========================================================================
Received Import Request.
  Time since last request: 30.199303 seconds.
  path: Assets/Materials/BlockoutMats
  artifactKey: Guid(acec09e3b8dca094c87c26adb5f3d534) Importer(815301076,1909f56bfc062723c751e8b465ee728b)
Start importing Assets/Materials/BlockoutMats using Guid(acec09e3b8dca094c87c26adb5f3d534) Importer(815301076,1909f56bfc062723c751e8b465ee728b)  -> (artifact id: '874b70f31de64672cb4f25f5e3c11036') in 0.008300 seconds 
  Import took 0.013026 seconds .

========================================================================
Received Import Request.
  Time since last request: 5.962808 seconds.
  path: Assets/Scripts
  artifactKey: Guid(02a3527b6b33a924e8ec66aa805ea717) Importer(815301076,1909f56bfc062723c751e8b465ee728b)
Start importing Assets/Scripts using Guid(02a3527b6b33a924e8ec66aa805ea717) Importer(815301076,1909f56bfc062723c751e8b465ee728b)  -> (artifact id: '3d22bec3b2937c29cd085e1506c06094') in 0.006144 seconds 
  Import took 0.010818 seconds .

========================================================================
Received Import Request.
  Time since last request: 0.989966 seconds.
  path: Assets/Presets
  artifactKey: Guid(558255460b74ec04fa70b5570e9327bd) Importer(815301076,1909f56bfc062723c751e8b465ee728b)
Start importing Assets/Presets using Guid(558255460b74ec04fa70b5570e9327bd) Importer(815301076,1909f56bfc062723c751e8b465ee728b)  -> (artifact id: '99e4144fdf7d1a139d389fda8ba1dbbd') in 0.007206 seconds 
  Import took 0.011653 seconds .

========================================================================
Received Import Request.
  Time since last request: 1.783148 seconds.
  path: Assets/ExampleAssets
  artifactKey: Guid(990f5c2df70993f4987a388ca178996a) Importer(815301076,1909f56bfc062723c751e8b465ee728b)
Start importing Assets/ExampleAssets using Guid(990f5c2df70993f4987a388ca178996a) Importer(815301076,1909f56bfc062723c751e8b465ee728b)  -> (artifact id: 'd7f803e1b12591de9878c5dffbdd6bf0') in 0.006844 seconds 
  Import took 0.011046 seconds .

========================================================================
Received Import Request.
  Time since last request: 2.627528 seconds.
  path: Assets
  artifactKey: Guid(00000000000000001000000000000000) Importer(815301076,1909f56bfc062723c751e8b465ee728b)
Start importing Assets using Guid(00000000000000001000000000000000) Importer(815301076,1909f56bfc062723c751e8b465ee728b)  -> (artifact id: '42d402b061de3733987d63b9cc3b64de') in 0.006057 seconds 
  Import took 0.010099 seconds .

========================================================================
Received Import Request.
  Time since last request: 20.484182 seconds.
  path: Assets/Models
  artifactKey: Guid(1cdee5a4f6377ac4895294b068cb42da) Importer(815301076,1909f56bfc062723c751e8b465ee728b)
Start importing Assets/Models using Guid(1cdee5a4f6377ac4895294b068cb42da) Importer(815301076,1909f56bfc062723c751e8b465ee728b)  -> (artifact id: '7f82b28d398019e97fb451cd891bc6b0') in 0.007124 seconds 
  Import took 0.012791 seconds .

========================================================================
Received Import Request.
  Time since last request: 11.214599 seconds.
  path: Assets/Prefabs/Space.prefab
  artifactKey: Guid(39ff9d43e1955af4d8a1dbd23505ce61) Importer(815301076,1909f56bfc062723c751e8b465ee728b)
Start importing Assets/Prefabs/Space.prefab using Guid(39ff9d43e1955af4d8a1dbd23505ce61) Importer(815301076,1909f56bfc062723c751e8b465ee728b)  -> (artifact id: '29d11135739a3c4e09c30b4789930ece') in 0.016713 seconds 
  Import took 0.020946 seconds .

========================================================================
Received Import Request.
  Time since last request: 1204.506979 seconds.
  path: Assets/Models/Buildings
  artifactKey: Guid(c5840a3df0c0a624aa05a693f2882e50) Importer(815301076,1909f56bfc062723c751e8b465ee728b)
Start importing Assets/Models/Buildings using Guid(c5840a3df0c0a624aa05a693f2882e50) Importer(815301076,1909f56bfc062723c751e8b465ee728b)  -> (artifact id: 'dd124a4f0068050c5c88ce40d831d658') in 0.009519 seconds 
  Import took 0.014917 seconds .

========================================================================
Received Import Request.
  Time since last request: 102.433625 seconds.
  path: Assets/Models/Buildings/MDL_blockout_muiderslot.fbx
  artifactKey: Guid(fdf7d80bad86d0140bdc54a8fbaf30b3) Importer(815301076,1909f56bfc062723c751e8b465ee728b)
Start importing Assets/Models/Buildings/MDL_blockout_muiderslot.fbx using Guid(fdf7d80bad86d0140bdc54a8fbaf30b3) Importer(815301076,1909f56bfc062723c751e8b465ee728b)  -> (artifact id: '55d4101dd524d218c0d8074e73726760') in 0.020320 seconds 
  Import took 0.025737 seconds .

========================================================================
Received Import Request.
  Time since last request: 1.497158 seconds.
  path: Assets/Models/Buildings/MDL_hunebedden.fbx
  artifactKey: Guid(ad63c3aabeb59764c8b925eab1914f36) Importer(815301076,1909f56bfc062723c751e8b465ee728b)
Start importing Assets/Models/Buildings/MDL_hunebedden.fbx using Guid(ad63c3aabeb59764c8b925eab1914f36) Importer(815301076,1909f56bfc062723c751e8b465ee728b)  -> (artifact id: 'efe5f9ed440e493789dd8c4cdbc1aa24') in 0.018315 seconds 
  Import took 0.022779 seconds .

========================================================================
Received Import Request.
  Time since last request: 2.489494 seconds.
  path: Assets/Models/Buildings/MDL_blockout_domtoren.fbx
  artifactKey: Guid(6a0b376d93bc3a04db825ea77795a40a) Importer(815301076,1909f56bfc062723c751e8b465ee728b)
Start importing Assets/Models/Buildings/MDL_blockout_domtoren.fbx using Guid(6a0b376d93bc3a04db825ea77795a40a) Importer(815301076,1909f56bfc062723c751e8b465ee728b)  -> (artifact id: '4ea3a4576253f7b297ed181396897017') in 0.022757 seconds 
  Import took 0.027441 seconds .

========================================================================
Received Import Request.
  Time since last request: 0.349159 seconds.
  path: Assets/Models/Buildings/MDL_evoluon.fbx
  artifactKey: Guid(21ef150ee7c6c704aad7c80568ac26e4) Importer(815301076,1909f56bfc062723c751e8b465ee728b)
Start importing Assets/Models/Buildings/MDL_evoluon.fbx using Guid(21ef150ee7c6c704aad7c80568ac26e4) Importer(815301076,1909f56bfc062723c751e8b465ee728b)  -> (artifact id: '1240692652cbbbd08ccb2d3920810fc3') in 0.036768 seconds 
  Import took 0.042157 seconds .

========================================================================
Received Import Request.
  Time since last request: 0.600759 seconds.
  path: Assets/Models/Buildings/MDL_kroller_muller_museum.fbx
  artifactKey: Guid(2127fbfd205008a47bd3d494324d3d30) Importer(815301076,1909f56bfc062723c751e8b465ee728b)
Start importing Assets/Models/Buildings/MDL_kroller_muller_museum.fbx using Guid(2127fbfd205008a47bd3d494324d3d30) Importer(815301076,1909f56bfc062723c751e8b465ee728b)  -> (artifact id: '2ccbb899916eab47b91aad68dc83c3bb') in 0.022491 seconds 
  Import took 0.027348 seconds .

========================================================================
Received Import Request.
  Time since last request: 800.117632 seconds.
  path: Assets/Models/Buildings/MDL_blockout_domtoren.fbx
  artifactKey: Guid(6a0b376d93bc3a04db825ea77795a40a) Importer(815301076,1909f56bfc062723c751e8b465ee728b)
Start importing Assets/Models/Buildings/MDL_blockout_domtoren.fbx using Guid(6a0b376d93bc3a04db825ea77795a40a) Importer(815301076,1909f56bfc062723c751e8b465ee728b)  -> (artifact id: '1f28e0b3955e4bd3b901eaa57e104244') in 0.056650 seconds 
  Import took 0.061418 seconds .

========================================================================
Received Import Request.
  Time since last request: 118.972564 seconds.
  path: Assets/Models/Buildings/MDL_blockout_domtoren.fbx
  artifactKey: Guid(6a0b376d93bc3a04db825ea77795a40a) Importer(815301076,1909f56bfc062723c751e8b465ee728b)
Start importing Assets/Models/Buildings/MDL_blockout_domtoren.fbx using Guid(6a0b376d93bc3a04db825ea77795a40a) Importer(815301076,1909f56bfc062723c751e8b465ee728b)  -> (artifact id: '8d75413bab4b342cec6157a9d15fee33') in 0.017979 seconds 
  Import took 0.022766 seconds .

========================================================================
Received Import Request.
  Time since last request: 0.433536 seconds.
  path: Assets/Models/Buildings/MDL_blockout_muiderslot.fbx
  artifactKey: Guid(fdf7d80bad86d0140bdc54a8fbaf30b3) Importer(815301076,1909f56bfc062723c751e8b465ee728b)
Start importing Assets/Models/Buildings/MDL_blockout_muiderslot.fbx using Guid(fdf7d80bad86d0140bdc54a8fbaf30b3) Importer(815301076,1909f56bfc062723c751e8b465ee728b)  -> (artifact id: 'e36bf48ca6d7ea2ae69d60cfe880a594') in 0.018452 seconds 
  Import took 0.022958 seconds .

========================================================================
Received Import Request.
  Time since last request: 0.343510 seconds.
  path: Assets/Models/Buildings/MDL_evoluon.fbx
  artifactKey: Guid(21ef150ee7c6c704aad7c80568ac26e4) Importer(815301076,1909f56bfc062723c751e8b465ee728b)
Start importing Assets/Models/Buildings/MDL_evoluon.fbx using Guid(21ef150ee7c6c704aad7c80568ac26e4) Importer(815301076,1909f56bfc062723c751e8b465ee728b)  -> (artifact id: 'a9978e30d1df56298b80440f70a2093a') in 0.019191 seconds 
  Import took 0.023678 seconds .

AssetImportWorkerClient::OnTransportError - code=2 error=End of file
